<?xml version="1.0" encoding="UTF-8"?>
<!-- Generated by org.testng.reporters.JUnitReportReporter -->
<testsuite hostname="DESKTOP-D886HJ1" failures="0" tests="1" name="Agency_Test_Scripts.Apply_For_Job_PDF_Validation" time="23.488" errors="0" timestamp="2024-07-05T11:52:42 IST" skipped="0">
  <testcase classname="Agency_Test_Scripts.Apply_For_Job_PDF_Validation" name="Apply_For_Job_PDF_validation" time="23.488"/>
  <system-out/>
</testsuite> <!-- Agency_Test_Scripts.Apply_For_Job_PDF_Validation -->
