<?xml version="1.0" encoding="UTF-8"?>
<!-- Generated by org.testng.reporters.JUnitReportReporter -->
<testsuite hostname="DESKTOP-D886HJ1" failures="0" tests="1" name="Agency_Test_Scripts.Add_Talent_Acquisition_Team_Validation" time="17.663" errors="0" timestamp="2024-07-05T11:52:42 IST" skipped="0">
  <testcase classname="Agency_Test_Scripts.Add_Talent_Acquisition_Team_Validation" name="Add_Talent_Acquisition_Team_validation" time="17.663"/>
  <system-out/>
</testsuite> <!-- Agency_Test_Scripts.Add_Talent_Acquisition_Team_Validation -->
