<?xml version="1.0" encoding="UTF-8"?>
<!-- Generated by org.testng.reporters.JUnitReportReporter -->
<testsuite hostname="DESKTOP-D886HJ1" failures="0" tests="1" name="Agency_Test_Scripts.Skill_Assessment_Upload_Validation" time="20.232" errors="0" timestamp="2024-07-05T11:52:42 IST" skipped="0">
  <testcase classname="Agency_Test_Scripts.Skill_Assessment_Upload_Validation" name="Agency_Skill_Assessment_page_Upload" time="20.232"/>
  <system-out/>
</testsuite> <!-- Agency_Test_Scripts.Skill_Assessment_Upload_Validation -->
