<?xml version="1.0" encoding="UTF-8"?>
<!-- Generated by org.testng.reporters.JUnitReportReporter -->
<testsuite hostname="DESKTOP-D886HJ1" failures="0" tests="3" name="Organization_Test_scripts.Psy_Assessment_Create_Validation" time="71.877" errors="0" timestamp="2024-07-04T19:37:34 IST" skipped="0">
  <testcase classname="Organization_Test_scripts.Psy_Assessment_Create_Validation" name="Psy_Assessment_create_Validation" time="23.848"/>
  <system-out/>
  <testcase classname="Organization_Test_scripts.Psy_Assessment_Create_Validation" name="Psy_Assessment_create_Validation" time="23.011"/>
  <system-out/>
  <testcase classname="Organization_Test_scripts.Psy_Assessment_Create_Validation" name="Psy_Assessment_create_Validation" time="25.018"/>
  <system-out/>
</testsuite> <!-- Organization_Test_scripts.Psy_Assessment_Create_Validation -->
