<?xml version="1.0" encoding="UTF-8"?>
<!-- Generated by org.testng.reporters.JUnitReportReporter -->
<testsuite hostname="DESKTOP-D886HJ1" failures="0" tests="3" name="Organization_Test_scripts.Psy_Assessment_Database_Validation" time="63.594" errors="0" timestamp="2024-07-04T19:37:34 IST" skipped="0">
  <testcase classname="Organization_Test_scripts.Psy_Assessment_Database_Validation" name="Psy_Assessment_Database_validation" time="20.110"/>
  <system-out/>
  <testcase classname="Organization_Test_scripts.Psy_Assessment_Database_Validation" name="Psy_Assessment_Database_validation" time="22.231"/>
  <system-out/>
  <testcase classname="Organization_Test_scripts.Psy_Assessment_Database_Validation" name="Psy_Assessment_Database_validation" time="21.253"/>
  <system-out/>
</testsuite> <!-- Organization_Test_scripts.Psy_Assessment_Database_Validation -->
