<?xml version="1.0" encoding="UTF-8"?>
<!-- Generated by org.testng.reporters.JUnitReportReporter -->
<testsuite hostname="DESKTOP-D886HJ1" failures="0" tests="3" name="Institution_Test_Scripts.Referral_Validation" time="45.871" errors="0" timestamp="2024-07-04T19:37:34 IST" skipped="0">
  <testcase classname="Institution_Test_Scripts.Referral_Validation" name="Referral_validation" time="15.411"/>
  <system-out/>
  <testcase classname="Institution_Test_Scripts.Referral_Validation" name="Referral_validation" time="15.748"/>
  <system-out/>
  <testcase classname="Institution_Test_Scripts.Referral_Validation" name="Referral_validation" time="14.712"/>
  <system-out/>
</testsuite> <!-- Institution_Test_Scripts.Referral_Validation -->
