<?xml version="1.0" encoding="UTF-8"?>
<!-- Generated by org.testng.reporters.JUnitReportReporter -->
<testsuite hostname="DESKTOP-D886HJ1" failures="0" tests="1" name="Agency_Test_Scripts.Apply_For_Job_Doc_Validation" time="32.059" errors="0" timestamp="2024-07-05T11:52:42 IST" skipped="0">
  <testcase classname="Agency_Test_Scripts.Apply_For_Job_Doc_Validation" name="Apply_For_Job_Doc_validation" time="32.059"/>
  <system-out/>
</testsuite> <!-- Agency_Test_Scripts.Apply_For_Job_Doc_Validation -->
