<?xml version="1.0" encoding="UTF-8"?>
<!-- Generated by org.testng.reporters.JUnitReportReporter -->
<testsuite hostname="DESKTOP-D886HJ1" failures="0" tests="3" name="Organization_Test_scripts.Skill_Assessment_Upload_Validation" time="84.062" errors="0" timestamp="2024-07-04T19:37:34 IST" skipped="0">
  <testcase classname="Organization_Test_scripts.Skill_Assessment_Upload_Validation" name="Skill_Assessment_page_Upload" time="29.038"/>
  <system-out/>
  <testcase classname="Organization_Test_scripts.Skill_Assessment_Upload_Validation" name="Skill_Assessment_page_Upload" time="27.040"/>
  <system-out/>
  <testcase classname="Organization_Test_scripts.Skill_Assessment_Upload_Validation" name="Skill_Assessment_page_Upload" time="27.984"/>
  <system-out/>
</testsuite> <!-- Organization_Test_scripts.Skill_Assessment_Upload_Validation -->
