<?xml version="1.0" encoding="UTF-8"?>
<!-- Generated by org.testng.reporters.JUnitReportReporter -->
<testsuite hostname="DESKTOP-D886HJ1" failures="0" tests="1" name="Agency_Test_Scripts.One_Way_Assessment_Upload_Validation" time="20.049" errors="0" timestamp="2024-07-05T11:52:42 IST" skipped="0">
  <testcase classname="Agency_Test_Scripts.One_Way_Assessment_Upload_Validation" name="Agency_One_Way_Assessment_Upload_validation" time="20.049"/>
  <system-out/>
</testsuite> <!-- Agency_Test_Scripts.One_Way_Assessment_Upload_Validation -->
