<?xml version="1.0" encoding="UTF-8"?>
<!-- Generated by org.testng.reporters.JUnitReportReporter -->
<testsuite hostname="DESKTOP-D886HJ1" failures="0" tests="3" name="Organization_Test_scripts.Referral_Validation" time="51.593" errors="0" timestamp="2024-07-04T19:37:34 IST" skipped="0">
  <testcase classname="Organization_Test_scripts.Referral_Validation" name="Referral_validation" time="17.417"/>
  <system-out/>
  <testcase classname="Organization_Test_scripts.Referral_Validation" name="Referral_validation" time="16.755"/>
  <system-out/>
  <testcase classname="Organization_Test_scripts.Referral_Validation" name="Referral_validation" time="17.421"/>
  <system-out/>
</testsuite> <!-- Organization_Test_scripts.Referral_Validation -->
