<?xml version="1.0" encoding="UTF-8"?>
<!-- Generated by org.testng.reporters.JUnitReportReporter -->
<testsuite hostname="DESKTOP-D886HJ1" failures="0" tests="3" name="Organization_Test_scripts.Add_Team_Member_Validation" time="62.746" errors="0" timestamp="2024-07-04T19:37:34 IST" skipped="0">
  <testcase classname="Organization_Test_scripts.Add_Team_Member_Validation" name="Add_Team_Member_validation" time="20.312"/>
  <system-out/>
  <testcase classname="Organization_Test_scripts.Add_Team_Member_Validation" name="Add_Team_Member_validation" time="20.980"/>
  <system-out/>
  <testcase classname="Organization_Test_scripts.Add_Team_Member_Validation" name="Add_Team_Member_validation" time="21.454"/>
  <system-out/>
</testsuite> <!-- Organization_Test_scripts.Add_Team_Member_Validation -->
