<?xml version="1.0" encoding="UTF-8"?>
<!-- Generated by org.testng.reporters.JUnitReportReporter -->
<testsuite hostname="DESKTOP-D886HJ1" failures="0" tests="3" name="Organization_Test_scripts.One_Way_Assessment_Create_Validation" time="72.230" errors="0" timestamp="2024-07-04T19:37:34 IST" skipped="0">
  <testcase classname="Organization_Test_scripts.One_Way_Assessment_Create_Validation" name="One_Way_Assessment_Create_validation" time="23.089"/>
  <system-out/>
  <testcase classname="Organization_Test_scripts.One_Way_Assessment_Create_Validation" name="One_Way_Assessment_Create_validation" time="25.007"/>
  <system-out/>
  <testcase classname="Organization_Test_scripts.One_Way_Assessment_Create_Validation" name="One_Way_Assessment_Create_validation" time="24.134"/>
  <system-out/>
</testsuite> <!-- Organization_Test_scripts.One_Way_Assessment_Create_Validation -->
