<?xml version="1.0" encoding="UTF-8"?>
<!-- Generated by org.testng.reporters.JUnitReportReporter -->
<testsuite hostname="DESKTOP-D886HJ1" failures="0" tests="1" name="Organization_Test_scripts.Apply_For_Job_PDF_Validation" time="31.851" errors="0" timestamp="2024-07-05T10:51:29 IST" skipped="0">
  <testcase classname="Organization_Test_scripts.Apply_For_Job_PDF_Validation" name="Apply_For_Job_PDF_validation" time="31.851"/>
  <system-out/>
</testsuite> <!-- Organization_Test_scripts.Apply_For_Job_PDF_Validation -->
