<?xml version="1.0" encoding="UTF-8"?>
<!-- Generated by org.testng.reporters.JUnitReportReporter -->
<testsuite hostname="DESKTOP-D886HJ1" failures="0" tests="1" name="Organization_Test_scripts.Add_Talent_Acquisition_Team_Validation" time="19.271" errors="0" timestamp="2024-07-05T10:24:18 IST" skipped="0">
  <testcase classname="Organization_Test_scripts.Add_Talent_Acquisition_Team_Validation" name="Add_Talent_Acquisition_Team_validation" time="19.271"/>
  <system-out/>
</testsuite> <!-- Organization_Test_scripts.Add_Talent_Acquisition_Team_Validation -->
