<?xml version="1.0" encoding="UTF-8"?>
<!-- Generated by org.testng.reporters.JUnitReportReporter -->
<testsuite hostname="DESKTOP-D886HJ1" failures="0" tests="1" name="Organization_Test_scripts.Invite_Students_Manual" time="16.755" errors="0" timestamp="2024-07-05T10:24:18 IST" skipped="0">
  <testcase classname="Organization_Test_scripts.Invite_Students_Manual" name="Invite_Students_Validation" time="16.755"/>
  <system-out/>
</testsuite> <!-- Organization_Test_scripts.Invite_Students_Manual -->
