<?xml version="1.0" encoding="UTF-8"?>
<!-- Generated by org.testng.reporters.JUnitReportReporter -->
<testsuite hostname="DESKTOP-D886HJ1" failures="0" tests="3" name="Institution_Test_Scripts.Invite_Students_Bulk_Upload" time="58.306" errors="0" timestamp="2024-07-04T19:37:34 IST" skipped="0">
  <testcase classname="Institution_Test_Scripts.Invite_Students_Bulk_Upload" name="Invite_Students_Validation" time="20.083"/>
  <system-out/>
  <testcase classname="Institution_Test_Scripts.Invite_Students_Bulk_Upload" name="Invite_Students_Validation" time="19.485"/>
  <system-out/>
  <testcase classname="Institution_Test_Scripts.Invite_Students_Bulk_Upload" name="Invite_Students_Validation" time="18.738"/>
  <system-out/>
</testsuite> <!-- Institution_Test_Scripts.Invite_Students_Bulk_Upload -->
