<?xml version="1.0" encoding="UTF-8"?>
<!-- Generated by org.testng.reporters.JUnitReportReporter -->
<testsuite hostname="DESKTOP-D886HJ1" failures="0" tests="1" name="Agency_Test_Scripts.Merge_CV_Folders_Validation" time="22.693" errors="0" timestamp="2024-07-05T11:52:42 IST" skipped="0">
  <testcase classname="Agency_Test_Scripts.Merge_CV_Folders_Validation" name="Merge_CV_Folders_validation" time="22.693"/>
  <system-out/>
</testsuite> <!-- Agency_Test_Scripts.Merge_CV_Folders_Validation -->
