<?xml version="1.0" encoding="UTF-8"?>
<!-- Generated by org.testng.reporters.JUnitReportReporter -->
<testsuite hostname="DESKTOP-D886HJ1" failures="0" tests="3" name="API.Org_Clean_Data" time="3.106" errors="0" timestamp="2024-07-04T19:37:34 IST" skipped="0">
  <testcase classname="API.Org_Clean_Data" name="Delete_Acc_Data" time="0.692"/>
  <system-out/>
  <testcase classname="API.Org_Clean_Data" name="Delete_Acc_Data" time="1.741"/>
  <system-out/>
  <testcase classname="API.Org_Clean_Data" name="Delete_Acc_Data" time="0.673"/>
  <system-out/>
</testsuite> <!-- API.Org_Clean_Data -->
