<?xml version="1.0" encoding="UTF-8"?>
<!-- Generated by org.testng.reporters.JUnitReportReporter -->
<testsuite hostname="DESKTOP-D886HJ1" failures="0" tests="3" name="Institution_Test_Scripts.Add_HOD" time="54.490" errors="0" timestamp="2024-07-04T19:37:34 IST" skipped="0">
  <testcase classname="Institution_Test_Scripts.Add_HOD" name="Add_Hod" time="19.149"/>
  <system-out/>
  <testcase classname="Institution_Test_Scripts.Add_HOD" name="Add_Hod" time="18.199"/>
  <system-out/>
  <testcase classname="Institution_Test_Scripts.Add_HOD" name="Add_Hod" time="17.142"/>
  <system-out/>
</testsuite> <!-- Institution_Test_Scripts.Add_HOD -->
