<?xml version="1.0" encoding="UTF-8"?>
<!-- Generated by org.testng.reporters.JUnitReportReporter -->
<testsuite hostname="DESKTOP-D886HJ1" failures="0" tests="3" name="Institution_Test_Scripts.Inst_Login_validation" time="35.791" errors="0" timestamp="2024-07-04T19:37:34 IST" skipped="0">
  <testcase classname="Institution_Test_Scripts.Inst_Login_validation" name="Login_Validation" time="11.687"/>
  <system-out/>
  <testcase classname="Institution_Test_Scripts.Inst_Login_validation" name="Login_Validation" time="12.641"/>
  <system-out/>
  <testcase classname="Institution_Test_Scripts.Inst_Login_validation" name="Login_Validation" time="11.463"/>
  <system-out/>
</testsuite> <!-- Institution_Test_Scripts.Inst_Login_validation -->
