<?xml version="1.0" encoding="UTF-8"?>
<!-- Generated by org.testng.reporters.JUnitXMLReporter -->
<testsuite ignored="63" hostname="DESKTOP-D886HJ1" failures="0" tests="23" name="Test_1 - Chrome" time="544.102" errors="0" timestamp="2024-07-05T11:52:40 IST">
  <testcase classname="API.Agency_Clean_Data" name="Delete_Acc_Data" time="1.904"/>
  <testcase classname="Agency_Test_Scripts.Agency_Login_Validation" name="Login_validation" time="11.923"/>
  <testcase classname="Agency_Test_Scripts.Add_Team_Member" name="Add_Team_Member_Validation" time="18.276"/>
  <testcase classname="Agency_Test_Scripts.Referral_Validation" name="Referral_validation" time="14.854"/>
  <testcase classname="Agency_Test_Scripts.Skill_Assessment_Create_Validation" name="Skill_Assessment_Create_validation" time="20.962"/>
  <testcase classname="Agency_Test_Scripts.Skill_Assessment_Database_Validation" name="Skill_Assessment_Database_validation" time="18.398"/>
  <testcase classname="Agency_Test_Scripts.Skill_Assessment_Upload_Validation" name="Agency_Skill_Assessment_page_Upload" time="20.232"/>
  <testcase classname="Agency_Test_Scripts.Psy_Assessment_Create_Validation" name="Psy_Assessment_create_Validation" time="21.096"/>
  <testcase classname="Agency_Test_Scripts.Psy_Assessment_Database_Validation" name="Psy_Assessment_Database_validation" time="20.447"/>
  <testcase classname="Agency_Test_Scripts.Psy_Assessment_Upload_Validation" name="Agency_Psy_Assessment_Upload_validation" time="23.027"/>
  <testcase classname="Agency_Test_Scripts.One_Way_Assessment_Create_Validation" name="One_Way_Assessment_Create_validation" time="19.124"/>
  <testcase classname="Agency_Test_Scripts.One_Way_Assessment_Database_Validation" name="One_Way_Assessment_Database_validation" time="21.223"/>
  <testcase classname="Agency_Test_Scripts.One_Way_Assessment_Upload_Validation" name="Agency_One_Way_Assessment_Upload_validation" time="20.049"/>
  <testcase classname="Agency_Test_Scripts.Add_Client" name="Add_Client_Validation" time="15.711"/>
  <testcase classname="Agency_Test_Scripts.Job_Post_Validation" name="Job_Post_validation" time="76.766"/>
  <testcase classname="Agency_Test_Scripts.Add_Talent_Acquisition_Team_Validation" name="Add_Talent_Acquisition_Team_validation" time="17.663"/>
  <testcase classname="Agency_Test_Scripts.Invite_Students_Manual" name="Invite_Students_Validation" time="16.758"/>
  <testcase classname="Agency_Test_Scripts.Invite_Students_Bulk_Upload" name="Invite_Students_Validation" time="18.723"/>
  <testcase classname="Agency_Test_Scripts.Apply_For_Job_Doc_Validation" name="Apply_For_Job_Doc_validation" time="32.059"/>
  <testcase classname="Agency_Test_Scripts.Apply_For_Job_PDF_Validation" name="Apply_For_Job_PDF_validation" time="23.488"/>
  <testcase classname="Agency_Test_Scripts.CV_Bank_Validation" name="CV_Bank_validation" time="27.91"/>
  <testcase classname="Agency_Test_Scripts.Sync_Cv_Validation" name="Sync_CV_Validation" time="27.092"/>
  <testcase classname="Agency_Test_Scripts.Merge_CV_Folders_Validation" name="Merge_CV_Folders_validation" time="22.693"/>
  <testcase classname="Base_Package.Base_Class" name="@AfterTest Execution_Results" time="0.0">
    <ignored/>
  </testcase> <!-- @AfterTest Execution_Results -->
  <testcase classname="Base_Package.Base_Class" name="@AfterSuite Send_Mail" time="0.0">
    <ignored/>
  </testcase> <!-- @AfterSuite Send_Mail -->
  <testcase classname="Base_Package.Base_Class" name="@AfterSuite Send_Mail" time="0.0">
    <ignored/>
  </testcase> <!-- @AfterSuite Send_Mail -->
  <testcase classname="Base_Package.Base_Class" name="@BeforeSuite generateReport" time="0.0">
    <ignored/>
  </testcase> <!-- @BeforeSuite generateReport -->
  <testcase classname="Base_Package.Base_Class" name="@AfterTest Execution_Results" time="0.0">
    <ignored/>
  </testcase> <!-- @AfterTest Execution_Results -->
  <testcase classname="Base_Package.Base_Class" name="@BeforeSuite generateReport" time="0.0">
    <ignored/>
  </testcase> <!-- @BeforeSuite generateReport -->
  <testcase classname="Base_Package.Base_Class" name="@AfterTest Execution_Results" time="0.0">
    <ignored/>
  </testcase> <!-- @AfterTest Execution_Results -->
  <testcase classname="Base_Package.Base_Class" name="@AfterTest Execution_Results" time="0.0">
    <ignored/>
  </testcase> <!-- @AfterTest Execution_Results -->
  <testcase classname="Base_Package.Base_Class" name="@AfterSuite Send_Mail" time="0.0">
    <ignored/>
  </testcase> <!-- @AfterSuite Send_Mail -->
  <testcase classname="Base_Package.Base_Class" name="@BeforeSuite generateReport" time="0.0">
    <ignored/>
  </testcase> <!-- @BeforeSuite generateReport -->
  <testcase classname="Base_Package.Base_Class" name="@AfterTest Execution_Results" time="0.0">
    <ignored/>
  </testcase> <!-- @AfterTest Execution_Results -->
  <testcase classname="Base_Package.Base_Class" name="@AfterSuite Send_Mail" time="0.0">
    <ignored/>
  </testcase> <!-- @AfterSuite Send_Mail -->
  <testcase classname="Base_Package.Base_Class" name="@AfterSuite Send_Mail" time="0.0">
    <ignored/>
  </testcase> <!-- @AfterSuite Send_Mail -->
  <testcase classname="Base_Package.Base_Class" name="@BeforeSuite generateReport" time="0.0">
    <ignored/>
  </testcase> <!-- @BeforeSuite generateReport -->
  <testcase classname="Base_Package.Base_Class" name="@BeforeSuite generateReport" time="0.0">
    <ignored/>
  </testcase> <!-- @BeforeSuite generateReport -->
  <testcase classname="Base_Package.Base_Class" name="@BeforeSuite generateReport" time="0.0">
    <ignored/>
  </testcase> <!-- @BeforeSuite generateReport -->
  <testcase classname="Base_Package.Base_Class" name="@AfterTest Execution_Results" time="0.0">
    <ignored/>
  </testcase> <!-- @AfterTest Execution_Results -->
  <testcase classname="Base_Package.Base_Class" name="@AfterSuite Send_Mail" time="0.0">
    <ignored/>
  </testcase> <!-- @AfterSuite Send_Mail -->
  <testcase classname="Base_Package.Base_Class" name="@AfterTest Execution_Results" time="0.0">
    <ignored/>
  </testcase> <!-- @AfterTest Execution_Results -->
  <testcase classname="Base_Package.Base_Class" name="@AfterSuite Send_Mail" time="0.0">
    <ignored/>
  </testcase> <!-- @AfterSuite Send_Mail -->
  <testcase classname="Base_Package.Base_Class" name="@AfterSuite Send_Mail" time="0.0">
    <ignored/>
  </testcase> <!-- @AfterSuite Send_Mail -->
  <testcase classname="Base_Package.Base_Class" name="@AfterTest Execution_Results" time="0.0">
    <ignored/>
  </testcase> <!-- @AfterTest Execution_Results -->
  <testcase classname="Base_Package.Base_Class" name="@AfterSuite Send_Mail" time="0.0">
    <ignored/>
  </testcase> <!-- @AfterSuite Send_Mail -->
  <testcase classname="Base_Package.Base_Class" name="@AfterSuite Send_Mail" time="0.0">
    <ignored/>
  </testcase> <!-- @AfterSuite Send_Mail -->
  <testcase classname="Base_Package.Base_Class" name="@AfterSuite Send_Mail" time="0.0">
    <ignored/>
  </testcase> <!-- @AfterSuite Send_Mail -->
  <testcase classname="Base_Package.Base_Class" name="@AfterTest Execution_Results" time="0.0">
    <ignored/>
  </testcase> <!-- @AfterTest Execution_Results -->
  <testcase classname="Base_Package.Base_Class" name="@AfterSuite Send_Mail" time="0.0">
    <ignored/>
  </testcase> <!-- @AfterSuite Send_Mail -->
  <testcase classname="Base_Package.Base_Class" name="@AfterTest Execution_Results" time="0.0">
    <ignored/>
  </testcase> <!-- @AfterTest Execution_Results -->
  <testcase classname="Base_Package.Base_Class" name="@AfterSuite Send_Mail" time="0.0">
    <ignored/>
  </testcase> <!-- @AfterSuite Send_Mail -->
  <testcase classname="Base_Package.Base_Class" name="@AfterSuite Send_Mail" time="0.0">
    <ignored/>
  </testcase> <!-- @AfterSuite Send_Mail -->
  <testcase classname="Base_Package.Base_Class" name="@AfterSuite Send_Mail" time="0.0">
    <ignored/>
  </testcase> <!-- @AfterSuite Send_Mail -->
  <testcase classname="Base_Package.Base_Class" name="@AfterSuite Send_Mail" time="0.0">
    <ignored/>
  </testcase> <!-- @AfterSuite Send_Mail -->
  <testcase classname="Base_Package.Base_Class" name="@BeforeSuite generateReport" time="0.0">
    <ignored/>
  </testcase> <!-- @BeforeSuite generateReport -->
  <testcase classname="Base_Package.Base_Class" name="@AfterTest Execution_Results" time="0.0">
    <ignored/>
  </testcase> <!-- @AfterTest Execution_Results -->
  <testcase classname="Base_Package.Base_Class" name="@BeforeSuite generateReport" time="0.0">
    <ignored/>
  </testcase> <!-- @BeforeSuite generateReport -->
  <testcase classname="Base_Package.Base_Class" name="@BeforeSuite generateReport" time="0.0">
    <ignored/>
  </testcase> <!-- @BeforeSuite generateReport -->
  <testcase classname="Base_Package.Base_Class" name="@AfterSuite Send_Mail" time="0.0">
    <ignored/>
  </testcase> <!-- @AfterSuite Send_Mail -->
  <testcase classname="Base_Package.Base_Class" name="@AfterTest Execution_Results" time="0.0">
    <ignored/>
  </testcase> <!-- @AfterTest Execution_Results -->
  <testcase classname="Base_Package.Base_Class" name="@AfterTest Execution_Results" time="0.0">
    <ignored/>
  </testcase> <!-- @AfterTest Execution_Results -->
  <testcase classname="Base_Package.Base_Class" name="@BeforeSuite generateReport" time="0.0">
    <ignored/>
  </testcase> <!-- @BeforeSuite generateReport -->
  <testcase classname="Base_Package.Base_Class" name="@BeforeSuite generateReport" time="0.0">
    <ignored/>
  </testcase> <!-- @BeforeSuite generateReport -->
  <testcase classname="Base_Package.Base_Class" name="@BeforeSuite generateReport" time="0.0">
    <ignored/>
  </testcase> <!-- @BeforeSuite generateReport -->
  <testcase classname="Base_Package.Base_Class" name="@BeforeSuite generateReport" time="0.0">
    <ignored/>
  </testcase> <!-- @BeforeSuite generateReport -->
  <testcase classname="Base_Package.Base_Class" name="@AfterTest Execution_Results" time="0.0">
    <ignored/>
  </testcase> <!-- @AfterTest Execution_Results -->
  <testcase classname="Base_Package.Base_Class" name="@AfterSuite Send_Mail" time="0.0">
    <ignored/>
  </testcase> <!-- @AfterSuite Send_Mail -->
  <testcase classname="Base_Package.Base_Class" name="@AfterTest Execution_Results" time="0.0">
    <ignored/>
  </testcase> <!-- @AfterTest Execution_Results -->
  <testcase classname="Base_Package.Base_Class" name="@BeforeSuite generateReport" time="0.0">
    <ignored/>
  </testcase> <!-- @BeforeSuite generateReport -->
  <testcase classname="Base_Package.Base_Class" name="@AfterTest Execution_Results" time="0.0">
    <ignored/>
  </testcase> <!-- @AfterTest Execution_Results -->
  <testcase classname="Base_Package.Base_Class" name="@AfterSuite Send_Mail" time="0.0">
    <ignored/>
  </testcase> <!-- @AfterSuite Send_Mail -->
  <testcase classname="Base_Package.Base_Class" name="@BeforeSuite generateReport" time="0.0">
    <ignored/>
  </testcase> <!-- @BeforeSuite generateReport -->
  <testcase classname="Base_Package.Base_Class" name="@AfterTest Execution_Results" time="0.0">
    <ignored/>
  </testcase> <!-- @AfterTest Execution_Results -->
  <testcase classname="Base_Package.Base_Class" name="@BeforeSuite generateReport" time="0.0">
    <ignored/>
  </testcase> <!-- @BeforeSuite generateReport -->
  <testcase classname="Base_Package.Base_Class" name="@BeforeSuite generateReport" time="0.0">
    <ignored/>
  </testcase> <!-- @BeforeSuite generateReport -->
  <testcase classname="Base_Package.Base_Class" name="@AfterTest Execution_Results" time="0.0">
    <ignored/>
  </testcase> <!-- @AfterTest Execution_Results -->
  <testcase classname="Base_Package.Base_Class" name="@BeforeSuite generateReport" time="0.0">
    <ignored/>
  </testcase> <!-- @BeforeSuite generateReport -->
  <testcase classname="Base_Package.Base_Class" name="@BeforeSuite generateReport" time="0.0">
    <ignored/>
  </testcase> <!-- @BeforeSuite generateReport -->
  <testcase classname="Base_Package.Base_Class" name="@AfterSuite Send_Mail" time="0.0">
    <ignored/>
  </testcase> <!-- @AfterSuite Send_Mail -->
  <testcase classname="Base_Package.Base_Class" name="@AfterTest Execution_Results" time="0.0">
    <ignored/>
  </testcase> <!-- @AfterTest Execution_Results -->
  <testcase classname="Base_Package.Base_Class" name="@AfterSuite Send_Mail" time="0.0">
    <ignored/>
  </testcase> <!-- @AfterSuite Send_Mail -->
  <testcase classname="Base_Package.Base_Class" name="@AfterTest Execution_Results" time="0.0">
    <ignored/>
  </testcase> <!-- @AfterTest Execution_Results -->
  <testcase classname="Base_Package.Base_Class" name="@AfterTest Execution_Results" time="0.0">
    <ignored/>
  </testcase> <!-- @AfterTest Execution_Results -->
  <testcase classname="Base_Package.Base_Class" name="@BeforeSuite generateReport" time="0.0">
    <ignored/>
  </testcase> <!-- @BeforeSuite generateReport -->
  <testcase classname="Base_Package.Base_Class" name="@BeforeSuite generateReport" time="0.0">
    <ignored/>
  </testcase> <!-- @BeforeSuite generateReport -->
</testsuite> <!-- Test_1 - Chrome -->
