<?xml version="1.0" encoding="UTF-8"?>
<testng-results ignored="0" total="3" passed="3" failed="0" skipped="0">
  <reporter-output>
  </reporter-output>
  <suite started-at="2025-02-21T13:08:38 IST" name="Default suite" finished-at="2025-02-21T13:09:03 IST" duration-ms="25906">
    <groups>
    </groups>
    <test started-at="2025-02-21T13:08:38 IST" name="Default test" finished-at="2025-02-21T13:09:03 IST" duration-ms="25906">
      <class name="Regression_Tests.Resource_Library">
        <test-method is-config="true" signature="generateReport()[pri:0, instance:Regression_Tests.Resource_Library@13d73f29]" started-at="2025-02-21T13:08:37 IST" name="generateReport" finished-at="2025-02-21T13:08:38 IST" duration-ms="159" status="PASS">
          <reporter-output>
          </reporter-output>
        </test-method> <!-- generateReport -->
        <test-method is-config="true" signature="Browser_Launch()[pri:0, instance:Regression_Tests.Resource_Library@13d73f29]" started-at="2025-02-21T13:08:38 IST" name="Browser_Launch" finished-at="2025-02-21T13:08:39 IST" duration-ms="1841" status="PASS">
          <reporter-output>
          </reporter-output>
        </test-method> <!-- Browser_Launch -->
        <test-method signature="Add_Resource_Library_Validation()[pri:0, instance:Regression_Tests.Resource_Library@13d73f29]" started-at="2025-02-21T13:08:39 IST" name="Add_Resource_Library_Validation" finished-at="2025-02-21T13:08:52 IST" duration-ms="13022" status="PASS">
          <reporter-output>
          </reporter-output>
        </test-method> <!-- Add_Resource_Library_Validation -->
        <test-method signature="Delete_Resource_Bank()[pri:0, instance:Regression_Tests.Resource_Library@13d73f29]" started-at="2025-02-21T13:08:52 IST" name="Delete_Resource_Bank" finished-at="2025-02-21T13:08:57 IST" duration-ms="4298" status="PASS">
          <reporter-output>
          </reporter-output>
        </test-method> <!-- Delete_Resource_Bank -->
        <test-method signature="Update_Resource_Bank()[pri:0, instance:Regression_Tests.Resource_Library@13d73f29]" started-at="2025-02-21T13:08:57 IST" name="Update_Resource_Bank" finished-at="2025-02-21T13:09:03 IST" duration-ms="6484" status="PASS">
          <reporter-output>
          </reporter-output>
        </test-method> <!-- Update_Resource_Bank -->
        <test-method is-config="true" signature="Close_Browser()[pri:0, instance:Regression_Tests.Resource_Library@13d73f29]" started-at="2025-02-21T13:09:03 IST" name="Close_Browser" finished-at="2025-02-21T13:09:03 IST" duration-ms="240" status="PASS">
          <reporter-output>
          </reporter-output>
        </test-method> <!-- Close_Browser -->
        <test-method is-config="true" signature="Send_Mail()[pri:0, instance:Regression_Tests.Resource_Library@13d73f29]" started-at="2025-02-21T13:09:03 IST" name="Send_Mail" finished-at="2025-02-21T13:09:04 IST" duration-ms="307" status="PASS">
          <reporter-output>
          </reporter-output>
        </test-method> <!-- Send_Mail -->
      </class> <!-- Regression_Tests.Resource_Library -->
    </test> <!-- Default test -->
  </suite> <!-- Default suite -->
</testng-results>
