<?xml version="1.0" encoding="UTF-8"?>
<!-- Generated by org.testng.reporters.JUnitXMLReporter -->
<testsuite ignored="28" hostname="DESKTOP-9CS0RDS" failures="0" tests="29" name="Test" time="23.532" errors="0" timestamp="2023-04-17T10:12:13 IST">
  <testcase classname="POST_Request.Login_to_generate_JWT" name="login_to_generate_JWT" time="2.914"/>
  <testcase classname="POST_Request.Resend_the_otp" name="resend_the_otp" time="0.302"/>
  <testcase classname="POST_Request.Forgot_Password" name="forgot_Password" time="0.736"/>
  <testcase classname="POST_Request.Create_a_new_SalaryRange" name="create_a_new_SalaryRange" time="0.517"/>
  <testcase classname="PUT_Request.Update_an_existing_SalaryRange" name="update_an_existing_SalaryRange" time="1.038"/>
  <testcase classname="POST_Request.Create_a_new_Appraisal_type" name="create_a_new_Appraisal_type" time="0.537"/>
  <testcase classname="PUT_Request.Update_an_existing_Appraisal_type" name="update_an_existing_Appraisal_type" time="1.051"/>
  <testcase classname="POST_Request.Create_a_new_Company_Domains" name="create_a_new_Company_Domains" time="0.501"/>
  <testcase classname="PUT_Request.Update_an_existing_Company_Domains" name="update_an_existing_Company_Domains" time="0.962"/>
  <testcase classname="POST_Request.Create_a_new_department" name="create_a_new_department" time="0.517"/>
  <testcase classname="PUT_Request.Update_an_existing_department" name="update_an_existing_department" time="1.025"/>
  <testcase classname="POST_Request.Create_a_new_designation" name="create_a_new_designation" time="0.486"/>
  <testcase classname="PUT_Request.Update_an_existing_designation" name="update_an_existing_designation" time="1.021"/>
  <testcase classname="POST_Request.Create_a_new_employee_Admin_field" name="create_a_new_employee_Admin_field" time="0.461"/>
  <testcase classname="PUT_Request.Update_an_existing_Admin_fields" name="update_an_existing_Admin_fields" time="0.942"/>
  <testcase classname="POST_Request.Create_a_new_employee_personal_field" name="create_a_new_employee_personal_field" time="0.477"/>
  <testcase classname="PUT_Request.Update_an_existing_employee_personal_fields" name="update_an_existing_employee_personal_fields" time="0.971"/>
  <testcase classname="POST_Request.Create_a_new_Employemente_type" name="create_a_new_Employemente_type" time="0.489"/>
  <testcase classname="PUT_Request.Update_an_existing_Employement_type" name="update_an_existing_Employement_type" time="0.963"/>
  <testcase classname="POST_Request.Create_a_new_Grade" name="create_a_new_Grade" time="0.488"/>
  <testcase classname="PUT_Request.Update_an_existing_Grade" name="update_an_existing_Grade" time="0.953"/>
  <testcase classname="POST_Request.Create_a_new_holiday_type" name="create_a_new_holiday_type" time="0.503"/>
  <testcase classname="PUT_Request.Update_an_existing_holiday_type" name="update_an_existing_holiday_type" time="0.961"/>
  <testcase classname="POST_Request.Create_a_new_Review_type" name="create_a_new_Review_type" time="0.482"/>
  <testcase classname="PUT_Request.Update_an_existing_Review_type" name="update_an_existing_Review_type" time="0.981"/>
  <testcase classname="POST_Request.Create_a_new_Skill_type" name="create_a_new_Skill_type" time="0.483"/>
  <testcase classname="PUT_Request.Update_an_existing_Skill_type" name="update_an_existing_Skill_type" time="0.956"/>
  <testcase classname="PUT_Request.Update_admin_user_specific_information" name="update_admin_user_specific_information" time="0.526"/>
  <testcase classname="PUT_Request.Update_the_details_of_the_logged_in_users_company" name="update_the_details_of_the_logged_in_users_company" time="0.469"/>
  <testcase classname="Base_Package.Login" name="@BeforeTest Extent_R" time="0.0">
    <ignored/>
  </testcase> <!-- @BeforeTest Extent_R -->
  <testcase classname="Base_Package.Login" name="@BeforeTest Extent_R" time="0.0">
    <ignored/>
  </testcase> <!-- @BeforeTest Extent_R -->
  <testcase classname="Base_Package.Login" name="@BeforeTest Extent_R" time="0.0">
    <ignored/>
  </testcase> <!-- @BeforeTest Extent_R -->
  <testcase classname="Base_Package.Login" name="@BeforeTest Extent_R" time="0.0">
    <ignored/>
  </testcase> <!-- @BeforeTest Extent_R -->
  <testcase classname="Base_Package.Login" name="@BeforeTest Extent_R" time="0.0">
    <ignored/>
  </testcase> <!-- @BeforeTest Extent_R -->
  <testcase classname="Base_Package.Login" name="@BeforeTest Extent_R" time="0.0">
    <ignored/>
  </testcase> <!-- @BeforeTest Extent_R -->
  <testcase classname="Base_Package.Login" name="@BeforeTest Extent_R" time="0.0">
    <ignored/>
  </testcase> <!-- @BeforeTest Extent_R -->
  <testcase classname="Base_Package.Login" name="@BeforeTest Extent_R" time="0.0">
    <ignored/>
  </testcase> <!-- @BeforeTest Extent_R -->
  <testcase classname="Base_Package.Login" name="@BeforeTest Extent_R" time="0.0">
    <ignored/>
  </testcase> <!-- @BeforeTest Extent_R -->
  <testcase classname="Base_Package.Login" name="@BeforeTest Extent_R" time="0.0">
    <ignored/>
  </testcase> <!-- @BeforeTest Extent_R -->
  <testcase classname="Base_Package.Login" name="@BeforeTest Extent_R" time="0.0">
    <ignored/>
  </testcase> <!-- @BeforeTest Extent_R -->
  <testcase classname="Base_Package.Login" name="@BeforeTest Extent_R" time="0.0">
    <ignored/>
  </testcase> <!-- @BeforeTest Extent_R -->
  <testcase classname="Base_Package.Login" name="@BeforeTest Extent_R" time="0.0">
    <ignored/>
  </testcase> <!-- @BeforeTest Extent_R -->
  <testcase classname="Base_Package.Login" name="@BeforeTest Extent_R" time="0.0">
    <ignored/>
  </testcase> <!-- @BeforeTest Extent_R -->
  <testcase classname="Base_Package.Login" name="@BeforeTest Extent_R" time="0.0">
    <ignored/>
  </testcase> <!-- @BeforeTest Extent_R -->
  <testcase classname="Base_Package.Login" name="@BeforeTest Extent_R" time="0.0">
    <ignored/>
  </testcase> <!-- @BeforeTest Extent_R -->
  <testcase classname="Base_Package.Login" name="@BeforeTest Extent_R" time="0.0">
    <ignored/>
  </testcase> <!-- @BeforeTest Extent_R -->
  <testcase classname="Base_Package.Login" name="@BeforeTest Extent_R" time="0.0">
    <ignored/>
  </testcase> <!-- @BeforeTest Extent_R -->
  <testcase classname="Base_Package.Login" name="@BeforeTest Extent_R" time="0.0">
    <ignored/>
  </testcase> <!-- @BeforeTest Extent_R -->
  <testcase classname="Base_Package.Login" name="@BeforeTest Extent_R" time="0.0">
    <ignored/>
  </testcase> <!-- @BeforeTest Extent_R -->
  <testcase classname="Base_Package.Login" name="@BeforeTest Extent_R" time="0.0">
    <ignored/>
  </testcase> <!-- @BeforeTest Extent_R -->
  <testcase classname="Base_Package.Login" name="@BeforeTest Extent_R" time="0.0">
    <ignored/>
  </testcase> <!-- @BeforeTest Extent_R -->
  <testcase classname="Base_Package.Login" name="@BeforeTest Extent_R" time="0.0">
    <ignored/>
  </testcase> <!-- @BeforeTest Extent_R -->
  <testcase classname="Base_Package.Login" name="@BeforeTest Extent_R" time="0.0">
    <ignored/>
  </testcase> <!-- @BeforeTest Extent_R -->
  <testcase classname="Base_Package.Login" name="@BeforeTest Extent_R" time="0.0">
    <ignored/>
  </testcase> <!-- @BeforeTest Extent_R -->
  <testcase classname="Base_Package.Login" name="@BeforeTest Extent_R" time="0.0">
    <ignored/>
  </testcase> <!-- @BeforeTest Extent_R -->
  <testcase classname="Base_Package.Login" name="@BeforeTest Extent_R" time="0.0">
    <ignored/>
  </testcase> <!-- @BeforeTest Extent_R -->
  <testcase classname="Base_Package.Login" name="@BeforeTest Extent_R" time="0.0">
    <ignored/>
  </testcase> <!-- @BeforeTest Extent_R -->
</testsuite> <!-- Test -->
