<?xml version="1.0" encoding="UTF-8"?>
<!-- Generated by org.testng.reporters.JUnitXMLReporter -->
<testsuite ignored="2" hostname="DESKTOP-D886HJ1" failures="0" tests="4" name="Test" time="35.886" errors="0" timestamp="2025-02-20T18:01:25 IST">
  <testcase classname="Regression_Tests.Historical_Proposals" name="Add_Proposal_Validation" time="17.328"/>
  <testcase classname="Regression_Tests.Historical_Proposals" name="Update_Proposal_Validation" time="8.755"/>
  <testcase classname="Regression_Tests.Historical_Proposals" name="Delete_Proposal_Validation" time="3.25"/>
  <testcase classname="Regression_Tests.Login_Validation" name="Login_Test" time="2.328"/>
  <testcase classname="Base_Package.Base_Class" name="@BeforeSuite generateReport" time="0.0">
    <ignored/>
  </testcase> <!-- @BeforeSuite generateReport -->
  <testcase classname="Base_Package.Base_Class" name="@AfterSuite Send_Mail" time="0.0">
    <ignored/>
  </testcase> <!-- @AfterSuite Send_Mail -->
</testsuite> <!-- Test -->
