<?xml version="1.0" encoding="UTF-8"?>
<!-- Generated by org.testng.reporters.JUnitXMLReporter -->
<testsuite ignored="0" hostname="DESKTOP-D886HJ1" failures="0" tests="3" name="Default test" time="25.906" errors="0" timestamp="2025-02-21T13:09:03 IST">
  <testcase classname="Regression_Tests.Resource_Library" name="Add_Resource_Library_Validation" time="13.022"/>
  <testcase classname="Regression_Tests.Resource_Library" name="Delete_Resource_Bank" time="4.298"/>
  <testcase classname="Regression_Tests.Resource_Library" name="Update_Resource_Bank" time="6.484"/>
</testsuite> <!-- Default test -->
