<?xml version="1.0" encoding="UTF-8"?>
<!-- Generated by org.testng.reporters.JUnitXMLReporter -->
<testsuite ignored="138" hostname="DESKTOP-D886HJ1" failures="1" tests="50" name="Test2" time="2312.166" errors="0" timestamp="2024-07-04T19:09:00 IST">
  <testcase classname="API.Org_Clean_Data" name="Delete_Acc_Data" time="0.692"/>
  <testcase classname="Organization_Test_scripts.Org_Login_Validation" name="PsyHire_Organization_Login" time="11.737"/>
  <testcase classname="Organization_Test_scripts.Add_Team_Member_Validation" name="Add_Team_Member_validation" time="21.454"/>
  <testcase classname="Organization_Test_scripts.Add_Ext_Agent_Validation" name="Add_Ext_Agent_validation" time="20.443"/>
  <testcase classname="Organization_Test_scripts.Referral_Validation" name="Referral_validation" time="17.421"/>
  <testcase classname="Organization_Test_scripts.One_Way_Assessment_Create_Validation" name="One_Way_Assessment_Create_validation" time="25.007"/>
  <testcase classname="Organization_Test_scripts.One_Way_Assessment_Database_Validation" name="One_Way_Assessment_Database_validation" time="25.931"/>
  <testcase classname="Organization_Test_scripts.One_Way_Assessment_Upload_Validation" name="One_Way_Assessment_Upload_validation" time="26.19"/>
  <testcase classname="Organization_Test_scripts.Skill_Assessment_Create_Validation" name="Skill_Assessment_Create_validation" time="29.172"/>
  <testcase classname="Organization_Test_scripts.Skill_Assessment_Database_Validation" name="Skill_Assessment_Database_validation" time="29.618"/>
  <testcase classname="Organization_Test_scripts.Skill_Assessment_Upload_Validation" name="Skill_Assessment_page_Upload" time="29.038"/>
  <testcase classname="Organization_Test_scripts.Psy_Assessment_Create_Validation" name="Psy_Assessment_create_Validation" time="25.018"/>
  <testcase classname="Organization_Test_scripts.Psy_Assessment_Database_Validation" name="Psy_Assessment_Database_validation" time="22.231"/>
  <testcase classname="Organization_Test_scripts.Psy_Assessment_Upload_Validation" name="Psy_Assessment_Upload_validation" time="26.204"/>
  <testcase classname="Organization_Test_scripts.Job_Post_Validation" name="Job_Post_validation" time="152.178"/>
  <testcase classname="Organization_Test_scripts.Add_Talent_Acquisition_Team_Validation" name="Add_Talent_Acquisition_Team_validation" time="54.49"/>
  <testcase classname="Organization_Test_scripts.Invite_Students_Bulk_Upload" name="Invite_Students_Validation" time="64.499"/>
  <testcase classname="Organization_Test_scripts.Invite_Students_Manual" name="Invite_Students_Validation" time="63.459"/>
  <testcase classname="Organization_Test_scripts.Apply_For_Job_Doc_Validation" name="Apply_For_Job_Doc_validation" time="445.136"/>
  <testcase classname="Organization_Test_scripts.Apply_For_Job_PDF_Validation" name="Apply_For_Job_PDF_validation" time="440.145"/>
  <testcase classname="API.Agency_Clean_Data" name="Delete_Acc_Data" time="0.948"/>
  <testcase classname="Agency_Test_Scripts.Agency_Login_Validation" name="Login_validation" time="11.665"/>
  <testcase classname="Agency_Test_Scripts.Add_Team_Member" name="Add_Team_Member_Validation" time="19.393"/>
  <testcase classname="Agency_Test_Scripts.Referral_Validation" name="Referral_validation" time="15.433"/>
  <testcase classname="Agency_Test_Scripts.Skill_Assessment_Create_Validation" name="Skill_Assessment_Create_validation" time="23.161"/>
  <testcase classname="Agency_Test_Scripts.Skill_Assessment_Database_Validation" name="Skill_Assessment_Database_validation" time="20.647"/>
  <testcase classname="Agency_Test_Scripts.Skill_Assessment_Upload_Validation" name="Agency_Skill_Assessment_page_Upload" time="19.533"/>
  <testcase classname="Agency_Test_Scripts.Psy_Assessment_Create_Validation" name="Psy_Assessment_create_Validation" time="22.966"/>
  <testcase classname="Agency_Test_Scripts.Psy_Assessment_Database_Validation" name="Psy_Assessment_Database_validation" time="22.237"/>
  <testcase classname="Agency_Test_Scripts.Psy_Assessment_Upload_Validation" name="Agency_Psy_Assessment_Upload_validation" time="25.268"/>
  <testcase classname="Agency_Test_Scripts.One_Way_Assessment_Create_Validation" name="One_Way_Assessment_Create_validation" time="20.977"/>
  <testcase classname="Agency_Test_Scripts.One_Way_Assessment_Database_Validation" name="One_Way_Assessment_Database_validation" time="23.337"/>
  <testcase classname="Agency_Test_Scripts.One_Way_Assessment_Upload_Validation" name="Agency_One_Way_Assessment_Upload_validation" time="22.16"/>
  <testcase classname="Agency_Test_Scripts.Add_Client" name="Add_Client_Validation" time="14.567"/>
  <testcase classname="Agency_Test_Scripts.Job_Post_Validation" name="Job_Post_validation" time="73.567"/>
  <testcase classname="Agency_Test_Scripts.Add_Talent_Acquisition_Team_Validation" name="Add_Talent_Acquisition_Team_validation" time="19.071"/>
  <testcase classname="Agency_Test_Scripts.Invite_Students_Manual" name="Invite_Students_Validation" time="17.643"/>
  <testcase classname="Agency_Test_Scripts.Invite_Students_Bulk_Upload" name="Invite_Students_Validation" time="19.728"/>
  <testcase classname="Agency_Test_Scripts.Apply_For_Job_Doc_Validation" name="Apply_For_Job_Doc_validation" time="32.135"/>
  <testcase classname="Agency_Test_Scripts.Apply_For_Job_PDF_Validation" name="Apply_For_Job_PDF_validation" time="26.198"/>
  <testcase classname="Agency_Test_Scripts.CV_Bank_Validation" name="CV_Bank_validation" time="30.039"/>
  <testcase classname="Agency_Test_Scripts.Sync_Cv_Validation" name="Sync_CV_Validation" time="29.237"/>
  <testcase classname="Agency_Test_Scripts.Merge_CV_Folders_Validation" name="Merge_CV_Folders_validation" time="23.774"/>
  <testcase classname="API.Inst_Clean_Data" name="Delete_Acc_Data" time="0.898"/>
  <testcase classname="Institution_Test_Scripts.Inst_Login_validation" name="Login_Validation" time="11.687"/>
  <testcase classname="Institution_Test_Scripts.Referral_Validation" name="Referral_validation" time="15.411"/>
  <testcase classname="Institution_Test_Scripts.Add_HOD" name="Add_Hod" time="18.199"/>
  <testcase classname="Institution_Test_Scripts.Add_Department" name="Add_Department_Validation" time="13.738">
    <failure type="java.lang.Exception">
      <![CDATA[java.lang.Exception
at Base_Package.Utility_Class.Toast_Message_Validation(Utility_Class.java:94)
at Institution_Test_Scripts.Add_Department.Add_Department_Validation(Add_Department.java:87)
at java.base/java.util.ArrayList.forEach(ArrayList.java:1597)
... Removed 25 stack frames]]>
    </failure>
  </testcase> <!-- Add_Department_Validation -->
  <testcase classname="Institution_Test_Scripts.Invite_Students_Manual" name="Invite_Students_Validation" time="18.843"/>
  <testcase classname="Institution_Test_Scripts.Invite_Students_Bulk_Upload" name="Invite_Students_Validation" time="20.083"/>
  <testcase classname="Base_Package.Base_Class" name="@BeforeSuite generateReport" time="0.0">
    <ignored/>
  </testcase> <!-- @BeforeSuite generateReport -->
  <testcase classname="Base_Package.Base_Class" name="@BeforeSuite generateReport" time="0.0">
    <ignored/>
  </testcase> <!-- @BeforeSuite generateReport -->
  <testcase classname="Base_Package.Base_Class" name="@BeforeSuite generateReport" time="0.0">
    <ignored/>
  </testcase> <!-- @BeforeSuite generateReport -->
  <testcase classname="Base_Package.Base_Class" name="@AfterTest Execution_Results" time="0.0">
    <ignored/>
  </testcase> <!-- @AfterTest Execution_Results -->
  <testcase classname="Base_Package.Base_Class" name="@AfterSuite Send_Mail" time="0.0">
    <ignored/>
  </testcase> <!-- @AfterSuite Send_Mail -->
  <testcase classname="Base_Package.Base_Class" name="@AfterSuite Send_Mail" time="0.0">
    <ignored/>
  </testcase> <!-- @AfterSuite Send_Mail -->
  <testcase classname="Base_Package.Base_Class" name="@AfterTest Execution_Results" time="0.0">
    <ignored/>
  </testcase> <!-- @AfterTest Execution_Results -->
  <testcase classname="Base_Package.Base_Class" name="@AfterSuite Send_Mail" time="0.0">
    <ignored/>
  </testcase> <!-- @AfterSuite Send_Mail -->
  <testcase classname="Base_Package.Base_Class" name="@AfterSuite Send_Mail" time="0.0">
    <ignored/>
  </testcase> <!-- @AfterSuite Send_Mail -->
  <testcase classname="Base_Package.Base_Class" name="@BeforeSuite generateReport" time="0.0">
    <ignored/>
  </testcase> <!-- @BeforeSuite generateReport -->
  <testcase classname="Base_Package.Base_Class" name="@AfterTest Execution_Results" time="0.0">
    <ignored/>
  </testcase> <!-- @AfterTest Execution_Results -->
  <testcase classname="Base_Package.Base_Class" name="@AfterTest Execution_Results" time="0.0">
    <ignored/>
  </testcase> <!-- @AfterTest Execution_Results -->
  <testcase classname="Base_Package.Base_Class" name="@AfterTest Execution_Results" time="0.0">
    <ignored/>
  </testcase> <!-- @AfterTest Execution_Results -->
  <testcase classname="Base_Package.Base_Class" name="@BeforeSuite generateReport" time="0.0">
    <ignored/>
  </testcase> <!-- @BeforeSuite generateReport -->
  <testcase classname="Base_Package.Base_Class" name="@AfterTest Execution_Results" time="0.0">
    <ignored/>
  </testcase> <!-- @AfterTest Execution_Results -->
  <testcase classname="Base_Package.Base_Class" name="@AfterTest Execution_Results" time="0.0">
    <ignored/>
  </testcase> <!-- @AfterTest Execution_Results -->
  <testcase classname="Base_Package.Base_Class" name="@BeforeSuite generateReport" time="0.0">
    <ignored/>
  </testcase> <!-- @BeforeSuite generateReport -->
  <testcase classname="Base_Package.Base_Class" name="@AfterTest Execution_Results" time="0.0">
    <ignored/>
  </testcase> <!-- @AfterTest Execution_Results -->
  <testcase classname="Base_Package.Base_Class" name="@AfterSuite Send_Mail" time="0.0">
    <ignored/>
  </testcase> <!-- @AfterSuite Send_Mail -->
  <testcase classname="Base_Package.Base_Class" name="@AfterTest Execution_Results" time="0.0">
    <ignored/>
  </testcase> <!-- @AfterTest Execution_Results -->
  <testcase classname="Base_Package.Base_Class" name="@AfterTest Execution_Results" time="0.0">
    <ignored/>
  </testcase> <!-- @AfterTest Execution_Results -->
  <testcase classname="Base_Package.Base_Class" name="@BeforeSuite generateReport" time="0.0">
    <ignored/>
  </testcase> <!-- @BeforeSuite generateReport -->
  <testcase classname="Base_Package.Base_Class" name="@AfterTest Execution_Results" time="0.0">
    <ignored/>
  </testcase> <!-- @AfterTest Execution_Results -->
  <testcase classname="Base_Package.Base_Class" name="@AfterSuite Send_Mail" time="0.0">
    <ignored/>
  </testcase> <!-- @AfterSuite Send_Mail -->
  <testcase classname="Base_Package.Base_Class" name="@AfterSuite Send_Mail" time="0.0">
    <ignored/>
  </testcase> <!-- @AfterSuite Send_Mail -->
  <testcase classname="Base_Package.Base_Class" name="@AfterSuite Send_Mail" time="0.0">
    <ignored/>
  </testcase> <!-- @AfterSuite Send_Mail -->
  <testcase classname="Base_Package.Base_Class" name="@BeforeSuite generateReport" time="0.0">
    <ignored/>
  </testcase> <!-- @BeforeSuite generateReport -->
  <testcase classname="Base_Package.Base_Class" name="@AfterSuite Send_Mail" time="0.0">
    <ignored/>
  </testcase> <!-- @AfterSuite Send_Mail -->
  <testcase classname="Base_Package.Base_Class" name="@AfterTest Execution_Results" time="0.0">
    <ignored/>
  </testcase> <!-- @AfterTest Execution_Results -->
  <testcase classname="Base_Package.Base_Class" name="@AfterSuite Send_Mail" time="0.0">
    <ignored/>
  </testcase> <!-- @AfterSuite Send_Mail -->
  <testcase classname="Base_Package.Base_Class" name="@AfterTest Execution_Results" time="0.0">
    <ignored/>
  </testcase> <!-- @AfterTest Execution_Results -->
  <testcase classname="Base_Package.Base_Class" name="@AfterSuite Send_Mail" time="0.0">
    <ignored/>
  </testcase> <!-- @AfterSuite Send_Mail -->
  <testcase classname="Base_Package.Base_Class" name="@BeforeSuite generateReport" time="0.0">
    <ignored/>
  </testcase> <!-- @BeforeSuite generateReport -->
  <testcase classname="Base_Package.Base_Class" name="@BeforeSuite generateReport" time="0.0">
    <ignored/>
  </testcase> <!-- @BeforeSuite generateReport -->
  <testcase classname="Base_Package.Base_Class" name="@AfterTest Execution_Results" time="0.0">
    <ignored/>
  </testcase> <!-- @AfterTest Execution_Results -->
  <testcase classname="Base_Package.Base_Class" name="@BeforeSuite generateReport" time="0.0">
    <ignored/>
  </testcase> <!-- @BeforeSuite generateReport -->
  <testcase classname="Base_Package.Base_Class" name="@AfterTest Execution_Results" time="0.0">
    <ignored/>
  </testcase> <!-- @AfterTest Execution_Results -->
  <testcase classname="Base_Package.Base_Class" name="@BeforeSuite generateReport" time="0.0">
    <ignored/>
  </testcase> <!-- @BeforeSuite generateReport -->
  <testcase classname="Base_Package.Base_Class" name="@AfterTest Execution_Results" time="0.0">
    <ignored/>
  </testcase> <!-- @AfterTest Execution_Results -->
  <testcase classname="Base_Package.Base_Class" name="@BeforeSuite generateReport" time="0.0">
    <ignored/>
  </testcase> <!-- @BeforeSuite generateReport -->
  <testcase classname="Base_Package.Base_Class" name="@BeforeSuite generateReport" time="0.0">
    <ignored/>
  </testcase> <!-- @BeforeSuite generateReport -->
  <testcase classname="Base_Package.Base_Class" name="@AfterTest Execution_Results" time="0.0">
    <ignored/>
  </testcase> <!-- @AfterTest Execution_Results -->
  <testcase classname="Base_Package.Base_Class" name="@AfterSuite Send_Mail" time="0.0">
    <ignored/>
  </testcase> <!-- @AfterSuite Send_Mail -->
  <testcase classname="Base_Package.Base_Class" name="@AfterTest Execution_Results" time="0.0">
    <ignored/>
  </testcase> <!-- @AfterTest Execution_Results -->
  <testcase classname="Base_Package.Base_Class" name="@BeforeSuite generateReport" time="0.0">
    <ignored/>
  </testcase> <!-- @BeforeSuite generateReport -->
  <testcase classname="Base_Package.Base_Class" name="@AfterTest Execution_Results" time="0.0">
    <ignored/>
  </testcase> <!-- @AfterTest Execution_Results -->
  <testcase classname="Base_Package.Base_Class" name="@BeforeSuite generateReport" time="0.0">
    <ignored/>
  </testcase> <!-- @BeforeSuite generateReport -->
  <testcase classname="Base_Package.Base_Class" name="@AfterSuite Send_Mail" time="0.0">
    <ignored/>
  </testcase> <!-- @AfterSuite Send_Mail -->
  <testcase classname="Base_Package.Base_Class" name="@AfterSuite Send_Mail" time="0.0">
    <ignored/>
  </testcase> <!-- @AfterSuite Send_Mail -->
  <testcase classname="Base_Package.Base_Class" name="@AfterSuite Send_Mail" time="0.0">
    <ignored/>
  </testcase> <!-- @AfterSuite Send_Mail -->
  <testcase classname="Base_Package.Base_Class" name="@BeforeSuite generateReport" time="0.0">
    <ignored/>
  </testcase> <!-- @BeforeSuite generateReport -->
  <testcase classname="Base_Package.Base_Class" name="@BeforeSuite generateReport" time="0.0">
    <ignored/>
  </testcase> <!-- @BeforeSuite generateReport -->
  <testcase classname="Base_Package.Base_Class" name="@AfterSuite Send_Mail" time="0.0">
    <ignored/>
  </testcase> <!-- @AfterSuite Send_Mail -->
  <testcase classname="Base_Package.Base_Class" name="@BeforeSuite generateReport" time="0.0">
    <ignored/>
  </testcase> <!-- @BeforeSuite generateReport -->
  <testcase classname="Base_Package.Base_Class" name="@AfterSuite Send_Mail" time="0.0">
    <ignored/>
  </testcase> <!-- @AfterSuite Send_Mail -->
  <testcase classname="Base_Package.Base_Class" name="@BeforeSuite generateReport" time="0.0">
    <ignored/>
  </testcase> <!-- @BeforeSuite generateReport -->
  <testcase classname="Base_Package.Base_Class" name="@AfterSuite Send_Mail" time="0.0">
    <ignored/>
  </testcase> <!-- @AfterSuite Send_Mail -->
  <testcase classname="Base_Package.Base_Class" name="@AfterSuite Send_Mail" time="0.0">
    <ignored/>
  </testcase> <!-- @AfterSuite Send_Mail -->
  <testcase classname="Base_Package.Base_Class" name="@AfterSuite Send_Mail" time="0.0">
    <ignored/>
  </testcase> <!-- @AfterSuite Send_Mail -->
  <testcase classname="Base_Package.Base_Class" name="@AfterTest Execution_Results" time="0.0">
    <ignored/>
  </testcase> <!-- @AfterTest Execution_Results -->
  <testcase classname="Base_Package.Base_Class" name="@AfterTest Execution_Results" time="0.0">
    <ignored/>
  </testcase> <!-- @AfterTest Execution_Results -->
  <testcase classname="Base_Package.Base_Class" name="@BeforeSuite generateReport" time="0.0">
    <ignored/>
  </testcase> <!-- @BeforeSuite generateReport -->
  <testcase classname="Base_Package.Base_Class" name="@AfterTest Execution_Results" time="0.0">
    <ignored/>
  </testcase> <!-- @AfterTest Execution_Results -->
  <testcase classname="Base_Package.Base_Class" name="@AfterSuite Send_Mail" time="0.0">
    <ignored/>
  </testcase> <!-- @AfterSuite Send_Mail -->
  <testcase classname="Base_Package.Base_Class" name="@AfterSuite Send_Mail" time="0.0">
    <ignored/>
  </testcase> <!-- @AfterSuite Send_Mail -->
  <testcase classname="Base_Package.Base_Class" name="@AfterTest Execution_Results" time="0.0">
    <ignored/>
  </testcase> <!-- @AfterTest Execution_Results -->
  <testcase classname="Base_Package.Base_Class" name="@AfterSuite Send_Mail" time="0.0">
    <ignored/>
  </testcase> <!-- @AfterSuite Send_Mail -->
  <testcase classname="Base_Package.Base_Class" name="@BeforeSuite generateReport" time="0.0">
    <ignored/>
  </testcase> <!-- @BeforeSuite generateReport -->
  <testcase classname="Base_Package.Base_Class" name="@AfterSuite Send_Mail" time="0.0">
    <ignored/>
  </testcase> <!-- @AfterSuite Send_Mail -->
  <testcase classname="Base_Package.Base_Class" name="@BeforeSuite generateReport" time="0.0">
    <ignored/>
  </testcase> <!-- @BeforeSuite generateReport -->
  <testcase classname="Base_Package.Base_Class" name="@BeforeSuite generateReport" time="0.0">
    <ignored/>
  </testcase> <!-- @BeforeSuite generateReport -->
  <testcase classname="Base_Package.Base_Class" name="@AfterTest Execution_Results" time="0.0">
    <ignored/>
  </testcase> <!-- @AfterTest Execution_Results -->
  <testcase classname="Base_Package.Base_Class" name="@AfterSuite Send_Mail" time="0.0">
    <ignored/>
  </testcase> <!-- @AfterSuite Send_Mail -->
  <testcase classname="Base_Package.Base_Class" name="@AfterTest Execution_Results" time="0.0">
    <ignored/>
  </testcase> <!-- @AfterTest Execution_Results -->
  <testcase classname="Base_Package.Base_Class" name="@AfterTest Execution_Results" time="0.0">
    <ignored/>
  </testcase> <!-- @AfterTest Execution_Results -->
  <testcase classname="Base_Package.Base_Class" name="@AfterTest Execution_Results" time="0.0">
    <ignored/>
  </testcase> <!-- @AfterTest Execution_Results -->
  <testcase classname="Base_Package.Base_Class" name="@AfterSuite Send_Mail" time="0.0">
    <ignored/>
  </testcase> <!-- @AfterSuite Send_Mail -->
  <testcase classname="Base_Package.Base_Class" name="@BeforeSuite generateReport" time="0.0">
    <ignored/>
  </testcase> <!-- @BeforeSuite generateReport -->
  <testcase classname="Base_Package.Base_Class" name="@AfterTest Execution_Results" time="0.0">
    <ignored/>
  </testcase> <!-- @AfterTest Execution_Results -->
  <testcase classname="Base_Package.Base_Class" name="@AfterSuite Send_Mail" time="0.0">
    <ignored/>
  </testcase> <!-- @AfterSuite Send_Mail -->
  <testcase classname="Base_Package.Base_Class" name="@AfterSuite Send_Mail" time="0.0">
    <ignored/>
  </testcase> <!-- @AfterSuite Send_Mail -->
  <testcase classname="Base_Package.Base_Class" name="@AfterSuite Send_Mail" time="0.0">
    <ignored/>
  </testcase> <!-- @AfterSuite Send_Mail -->
  <testcase classname="Base_Package.Base_Class" name="@BeforeSuite generateReport" time="0.0">
    <ignored/>
  </testcase> <!-- @BeforeSuite generateReport -->
  <testcase classname="Base_Package.Base_Class" name="@AfterSuite Send_Mail" time="0.0">
    <ignored/>
  </testcase> <!-- @AfterSuite Send_Mail -->
  <testcase classname="Base_Package.Base_Class" name="@BeforeSuite generateReport" time="0.0">
    <ignored/>
  </testcase> <!-- @BeforeSuite generateReport -->
  <testcase classname="Base_Package.Base_Class" name="@AfterTest Execution_Results" time="0.0">
    <ignored/>
  </testcase> <!-- @AfterTest Execution_Results -->
  <testcase classname="Base_Package.Base_Class" name="@AfterTest Execution_Results" time="0.0">
    <ignored/>
  </testcase> <!-- @AfterTest Execution_Results -->
  <testcase classname="Base_Package.Base_Class" name="@AfterSuite Send_Mail" time="0.0">
    <ignored/>
  </testcase> <!-- @AfterSuite Send_Mail -->
  <testcase classname="Base_Package.Base_Class" name="@BeforeSuite generateReport" time="0.0">
    <ignored/>
  </testcase> <!-- @BeforeSuite generateReport -->
  <testcase classname="Base_Package.Base_Class" name="@AfterTest Execution_Results" time="0.0">
    <ignored/>
  </testcase> <!-- @AfterTest Execution_Results -->
  <testcase classname="Base_Package.Base_Class" name="@AfterTest Execution_Results" time="0.0">
    <ignored/>
  </testcase> <!-- @AfterTest Execution_Results -->
  <testcase classname="Base_Package.Base_Class" name="@BeforeSuite generateReport" time="0.0">
    <ignored/>
  </testcase> <!-- @BeforeSuite generateReport -->
  <testcase classname="Base_Package.Base_Class" name="@AfterSuite Send_Mail" time="0.0">
    <ignored/>
  </testcase> <!-- @AfterSuite Send_Mail -->
  <testcase classname="Base_Package.Base_Class" name="@BeforeSuite generateReport" time="0.0">
    <ignored/>
  </testcase> <!-- @BeforeSuite generateReport -->
  <testcase classname="Base_Package.Base_Class" name="@AfterSuite Send_Mail" time="0.0">
    <ignored/>
  </testcase> <!-- @AfterSuite Send_Mail -->
  <testcase classname="Base_Package.Base_Class" name="@AfterSuite Send_Mail" time="0.0">
    <ignored/>
  </testcase> <!-- @AfterSuite Send_Mail -->
  <testcase classname="Base_Package.Base_Class" name="@BeforeSuite generateReport" time="0.0">
    <ignored/>
  </testcase> <!-- @BeforeSuite generateReport -->
  <testcase classname="Base_Package.Base_Class" name="@AfterSuite Send_Mail" time="0.0">
    <ignored/>
  </testcase> <!-- @AfterSuite Send_Mail -->
  <testcase classname="Base_Package.Base_Class" name="@BeforeSuite generateReport" time="0.0">
    <ignored/>
  </testcase> <!-- @BeforeSuite generateReport -->
  <testcase classname="Base_Package.Base_Class" name="@BeforeSuite generateReport" time="0.0">
    <ignored/>
  </testcase> <!-- @BeforeSuite generateReport -->
  <testcase classname="Base_Package.Base_Class" name="@AfterTest Execution_Results" time="0.0">
    <ignored/>
  </testcase> <!-- @AfterTest Execution_Results -->
  <testcase classname="Base_Package.Base_Class" name="@BeforeSuite generateReport" time="0.0">
    <ignored/>
  </testcase> <!-- @BeforeSuite generateReport -->
  <testcase classname="Base_Package.Base_Class" name="@BeforeSuite generateReport" time="0.0">
    <ignored/>
  </testcase> <!-- @BeforeSuite generateReport -->
  <testcase classname="Base_Package.Base_Class" name="@AfterSuite Send_Mail" time="0.0">
    <ignored/>
  </testcase> <!-- @AfterSuite Send_Mail -->
  <testcase classname="Base_Package.Base_Class" name="@BeforeSuite generateReport" time="0.0">
    <ignored/>
  </testcase> <!-- @BeforeSuite generateReport -->
  <testcase classname="Base_Package.Base_Class" name="@AfterSuite Send_Mail" time="0.0">
    <ignored/>
  </testcase> <!-- @AfterSuite Send_Mail -->
  <testcase classname="Base_Package.Base_Class" name="@AfterTest Execution_Results" time="0.0">
    <ignored/>
  </testcase> <!-- @AfterTest Execution_Results -->
  <testcase classname="Base_Package.Base_Class" name="@AfterTest Execution_Results" time="0.0">
    <ignored/>
  </testcase> <!-- @AfterTest Execution_Results -->
  <testcase classname="Base_Package.Base_Class" name="@AfterSuite Send_Mail" time="0.0">
    <ignored/>
  </testcase> <!-- @AfterSuite Send_Mail -->
  <testcase classname="Base_Package.Base_Class" name="@AfterSuite Send_Mail" time="0.0">
    <ignored/>
  </testcase> <!-- @AfterSuite Send_Mail -->
  <testcase classname="Base_Package.Base_Class" name="@AfterSuite Send_Mail" time="0.0">
    <ignored/>
  </testcase> <!-- @AfterSuite Send_Mail -->
  <testcase classname="Base_Package.Base_Class" name="@AfterSuite Send_Mail" time="0.0">
    <ignored/>
  </testcase> <!-- @AfterSuite Send_Mail -->
  <testcase classname="Base_Package.Base_Class" name="@BeforeSuite generateReport" time="0.0">
    <ignored/>
  </testcase> <!-- @BeforeSuite generateReport -->
  <testcase classname="Base_Package.Base_Class" name="@BeforeSuite generateReport" time="0.0">
    <ignored/>
  </testcase> <!-- @BeforeSuite generateReport -->
  <testcase classname="Base_Package.Base_Class" name="@AfterTest Execution_Results" time="0.0">
    <ignored/>
  </testcase> <!-- @AfterTest Execution_Results -->
  <testcase classname="Base_Package.Base_Class" name="@BeforeSuite generateReport" time="0.0">
    <ignored/>
  </testcase> <!-- @BeforeSuite generateReport -->
  <testcase classname="Base_Package.Base_Class" name="@AfterTest Execution_Results" time="0.0">
    <ignored/>
  </testcase> <!-- @AfterTest Execution_Results -->
  <testcase classname="Base_Package.Base_Class" name="@AfterTest Execution_Results" time="0.0">
    <ignored/>
  </testcase> <!-- @AfterTest Execution_Results -->
  <testcase classname="Base_Package.Base_Class" name="@AfterTest Execution_Results" time="0.0">
    <ignored/>
  </testcase> <!-- @AfterTest Execution_Results -->
  <testcase classname="Base_Package.Base_Class" name="@AfterSuite Send_Mail" time="0.0">
    <ignored/>
  </testcase> <!-- @AfterSuite Send_Mail -->
  <testcase classname="Base_Package.Base_Class" name="@AfterSuite Send_Mail" time="0.0">
    <ignored/>
  </testcase> <!-- @AfterSuite Send_Mail -->
  <testcase classname="Base_Package.Base_Class" name="@BeforeSuite generateReport" time="0.0">
    <ignored/>
  </testcase> <!-- @BeforeSuite generateReport -->
  <testcase classname="Base_Package.Base_Class" name="@BeforeSuite generateReport" time="0.0">
    <ignored/>
  </testcase> <!-- @BeforeSuite generateReport -->
  <testcase classname="Base_Package.Base_Class" name="@BeforeSuite generateReport" time="0.0">
    <ignored/>
  </testcase> <!-- @BeforeSuite generateReport -->
  <testcase classname="Base_Package.Base_Class" name="@BeforeSuite generateReport" time="0.0">
    <ignored/>
  </testcase> <!-- @BeforeSuite generateReport -->
  <testcase classname="Base_Package.Base_Class" name="@AfterTest Execution_Results" time="0.0">
    <ignored/>
  </testcase> <!-- @AfterTest Execution_Results -->
  <testcase classname="Base_Package.Base_Class" name="@AfterTest Execution_Results" time="0.0">
    <ignored/>
  </testcase> <!-- @AfterTest Execution_Results -->
  <testcase classname="Base_Package.Base_Class" name="@AfterSuite Send_Mail" time="0.0">
    <ignored/>
  </testcase> <!-- @AfterSuite Send_Mail -->
  <testcase classname="Base_Package.Base_Class" name="@AfterSuite Send_Mail" time="0.0">
    <ignored/>
  </testcase> <!-- @AfterSuite Send_Mail -->
  <testcase classname="Base_Package.Base_Class" name="@BeforeSuite generateReport" time="0.0">
    <ignored/>
  </testcase> <!-- @BeforeSuite generateReport -->
  <testcase classname="Base_Package.Base_Class" name="@AfterSuite Send_Mail" time="0.0">
    <ignored/>
  </testcase> <!-- @AfterSuite Send_Mail -->
  <testcase classname="Base_Package.Base_Class" name="@BeforeSuite generateReport" time="0.0">
    <ignored/>
  </testcase> <!-- @BeforeSuite generateReport -->
  <testcase classname="Base_Package.Base_Class" name="@BeforeSuite generateReport" time="0.0">
    <ignored/>
  </testcase> <!-- @BeforeSuite generateReport -->
  <testcase classname="Base_Package.Base_Class" name="@AfterTest Execution_Results" time="0.0">
    <ignored/>
  </testcase> <!-- @AfterTest Execution_Results -->
  <testcase classname="Base_Package.Base_Class" name="@AfterTest Execution_Results" time="0.0">
    <ignored/>
  </testcase> <!-- @AfterTest Execution_Results -->
  <testcase classname="Base_Package.Base_Class" name="@AfterTest Execution_Results" time="0.0">
    <ignored/>
  </testcase> <!-- @AfterTest Execution_Results -->
  <testcase classname="Base_Package.Base_Class" name="@AfterTest Execution_Results" time="0.0">
    <ignored/>
  </testcase> <!-- @AfterTest Execution_Results -->
  <testcase classname="Base_Package.Base_Class" name="@AfterTest Execution_Results" time="0.0">
    <ignored/>
  </testcase> <!-- @AfterTest Execution_Results -->
</testsuite> <!-- Test2 -->
