<?xml version="1.0" encoding="UTF-8"?>
<!-- Generated by org.testng.reporters.JUnitReportReporter -->
<testsuite hostname="DESKTOP-9CS0RDS" failures="0" tests="1" name="PUT_Request.Move_a_task_from_one_section_to_other" time="4.597" errors="0" timestamp="2023-05-03T15:26:13 IST" skipped="0">
  <testcase classname="PUT_Request.Move_a_task_from_one_section_to_other" name="move_a_task_from_one_section_to_other" time="4.597"/>
  <system-out/>
</testsuite> <!-- PUT_Request.Move_a_task_from_one_section_to_other -->
