<?xml version="1.0" encoding="UTF-8"?>
<!-- Generated by org.testng.reporters.JUnitReportReporter -->
<testsuite hostname="DESKTOP-9CS0RDS" failures="0" tests="1" name="GET_Request.Get_a_list_of_departments_with_assigned_employees_and_team_leads" time="0.578" errors="0" timestamp="2023-04-13T11:40:18 IST" skipped="0">
  <testcase classname="GET_Request.Get_a_list_of_departments_with_assigned_employees_and_team_leads" name="get_a_list_of_departments_with_assigned_employees_and_team_leads" time="0.578"/>
  <system-out/>
</testsuite> <!-- GET_Request.Get_a_list_of_departments_with_assigned_employees_and_team_leads -->
