<?xml version="1.0" encoding="UTF-8"?>
<!-- Generated by org.testng.reporters.JUnitReportReporter -->
<testsuite hostname="DESKTOP-9CS0RDS" failures="0" tests="1" name="PUT.Update_the_details_of_the_logged_in_users_company" time="3.088" errors="0" timestamp="2023-04-14T17:36:00 IST" skipped="0">
  <testcase classname="PUT.Update_the_details_of_the_logged_in_users_company" name="update_the_details_of_the_logged_in_users_company" time="3.088"/>
  <system-out/>
</testsuite> <!-- PUT.Update_the_details_of_the_logged_in_users_company -->
