<?xml version="1.0" encoding="UTF-8"?>
<!-- Generated by org.testng.reporters.JUnitReportReporter -->
<testsuite hostname="DESKTOP-9CS0RDS" failures="0" tests="1" name="GET_Request.Get_all_the_blogs_of_the_company" time="2.706" errors="0" timestamp="2023-04-27T12:14:48 IST" skipped="0">
  <testcase classname="GET_Request.Get_all_the_blogs_of_the_company" name="get_all_the_blogs_of_the_company" time="2.706"/>
  <system-out/>
</testsuite> <!-- GET_Request.Get_all_the_blogs_of_the_company -->
