<?xml version="1.0" encoding="UTF-8"?>
<!-- Generated by org.testng.reporters.JUnitReportReporter -->
<testsuite hostname="DESKTOP-9CS0RDS" failures="0" tests="1" name="GET_Request.Get_the_emergency_contact_details" time="3.317" errors="0" timestamp="2023-04-28T12:49:58 IST" skipped="0">
  <testcase classname="GET_Request.Get_the_emergency_contact_details" name="get_the_emergency_contact_details" time="3.317"/>
  <system-out/>
</testsuite> <!-- GET_Request.Get_the_emergency_contact_details -->
