<?xml version="1.0" encoding="UTF-8"?>
<!-- Generated by org.testng.reporters.JUnitReportReporter -->
<testsuite hostname="DESKTOP-9CS0RDS" failures="0" tests="1" name="PUT_Request.Update_an_employees_permissions_info" time="3.727" errors="0" timestamp="2023-04-17T15:11:24 IST" skipped="0">
  <testcase classname="PUT_Request.Update_an_employees_permissions_info" name="update_an_employees_permissions_info" time="3.727"/>
  <system-out/>
</testsuite> <!-- PUT_Request.Update_an_employees_permissions_info -->
