<?xml version="1.0" encoding="UTF-8"?>
<!-- Generated by org.testng.reporters.JUnitReportReporter -->
<testsuite hostname="DESKTOP-9CS0RDS" failures="0" tests="1" name="Delete_Request.Delete_a_employee_personal_fields" time="0.987" errors="0" timestamp="2023-04-17T10:10:43 IST" skipped="0">
  <testcase classname="Delete_Request.Delete_a_employee_personal_fields" name="delete_a_employee_personal_fields" time="0.987"/>
  <system-out/>
</testsuite> <!-- Delete_Request.Delete_a_employee_personal_fields -->
