<?xml version="1.0" encoding="UTF-8"?>
<!-- Generated by org.testng.reporters.JUnitReportReporter -->
<testsuite hostname="DESKTOP-9CS0RDS" failures="0" tests="1" name="GET_Request.Get_an_employees_permissions_info" time="2.582" errors="0" timestamp="2023-04-17T14:59:13 IST" skipped="0">
  <testcase classname="GET_Request.Get_an_employees_permissions_info" name="get_an_employees_permissions_info" time="2.582"/>
  <system-out/>
</testsuite> <!-- GET_Request.Get_an_employees_permissions_info -->
