<?xml version="1.0" encoding="UTF-8"?>
<!-- Generated by org.testng.reporters.JUnitReportReporter -->
<testsuite hostname="DESKTOP-9CS0RDS" failures="0" tests="1" name="PUT_Request.Update_admin_user_specific_information" time="4.600" errors="0" timestamp="2023-04-18T10:41:02 IST" skipped="0">
  <testcase classname="PUT_Request.Update_admin_user_specific_information" name="update_admin_user_specific_information" time="4.600"/>
  <system-out/>
</testsuite> <!-- PUT_Request.Update_admin_user_specific_information -->
