<?xml version="1.0" encoding="UTF-8"?>
<!-- Generated by org.testng.reporters.JUnitReportReporter -->
<testsuite hostname="DESKTOP-9CS0RDS" failures="0" tests="1" name="POST_Request.Add_the_emergency_contact_details" time="3.837" errors="0" timestamp="2023-04-28T12:49:31 IST" skipped="0">
  <testcase classname="POST_Request.Add_the_emergency_contact_details" name="add_the_emergency_contact_details" time="3.837"/>
  <system-out/>
</testsuite> <!-- POST_Request.Add_the_emergency_contact_details -->
