<?xml version="1.0" encoding="UTF-8"?>
<!-- Generated by org.testng.reporters.JUnitReportReporter -->
<testsuite hostname="DESKTOP-9CS0RDS" failures="0" tests="1" name="GET_Request.Get_the_leaves_for_the_employees" time="3.283" errors="0" timestamp="2023-05-02T10:51:54 IST" skipped="0">
  <testcase classname="GET_Request.Get_the_leaves_for_the_employees" name="get_the_leaves_for_the_employees" time="3.283"/>
  <system-out/>
</testsuite> <!-- GET_Request.Get_the_leaves_for_the_employees -->
