<?xml version="1.0" encoding="UTF-8"?>
<!-- Generated by org.testng.reporters.JUnitReportReporter -->
<testsuite hostname="DESKTOP-9CS0RDS" failures="0" tests="1" name="PUT_Request.New_Update_performance_report_direct" time="4.305" errors="0" timestamp="2023-04-24T14:47:07 IST" skipped="0">
  <testcase classname="PUT_Request.New_Update_performance_report_direct" name="Update_performance_report_direct" time="4.305"/>
  <system-out/>
</testsuite> <!-- PUT_Request.New_Update_performance_report_direct -->
