<?xml version="1.0" encoding="UTF-8"?>
<!-- Generated by org.testng.reporters.JUnitReportReporter -->
<testsuite hostname="DESKTOP-9CS0RDS" failures="0" tests="1" name="PUT_Request.Update_the_details_of_the_logged_in_users_company" time="0.469" errors="0" timestamp="2023-04-17T10:12:13 IST" skipped="0">
  <testcase classname="PUT_Request.Update_the_details_of_the_logged_in_users_company" name="update_the_details_of_the_logged_in_users_company" time="0.469"/>
  <system-out/>
</testsuite> <!-- PUT_Request.Update_the_details_of_the_logged_in_users_company -->
