<?xml version="1.0" encoding="UTF-8"?>
<!-- Generated by org.testng.reporters.JUnitReportReporter -->
<testsuite hostname="DESKTOP-9CS0RDS" failures="0" tests="1" name="GET_Request.Get_the_list_of_team_members_who_are_on_leave" time="2.668" errors="0" timestamp="2023-05-02T11:33:19 IST" skipped="0">
  <testcase classname="GET_Request.Get_the_list_of_team_members_who_are_on_leave" name="get_the_list_of_team_members_who_are_on_leave" time="2.668"/>
  <system-out/>
</testsuite> <!-- GET_Request.Get_the_list_of_team_members_who_are_on_leave -->
