<?xml version="1.0" encoding="UTF-8"?>
<!-- Generated by org.testng.reporters.JUnitReportReporter -->
<testsuite hostname="DESKTOP-9CS0RDS" failures="0" tests="1" name="GET_Request.Ge_list_of_employees_for_a_payroll" time="3.618" errors="0" timestamp="2023-04-25T16:38:47 IST" skipped="0">
  <testcase classname="GET_Request.Ge_list_of_employees_for_a_payroll" name="get_list_of_employees_for_a_payroll" time="3.618"/>
  <system-out/>
</testsuite> <!-- GET_Request.Ge_list_of_employees_for_a_payroll -->
