<?xml version="1.0" encoding="UTF-8"?>
<!-- Generated by org.testng.reporters.JUnitReportReporter -->
<testsuite hostname="DESKTOP-9CS0RDS" failures="0" tests="1" name="GET_Request.Get_the_excel_file_for_emp_applied_leaves" time="3.770" errors="0" timestamp="2023-05-02T11:11:45 IST" skipped="0">
  <testcase classname="GET_Request.Get_the_excel_file_for_emp_applied_leaves" name="get_the_excel_file_for_emp_applied_leaves" time="3.770"/>
  <system-out/>
</testsuite> <!-- GET_Request.Get_the_excel_file_for_emp_applied_leaves -->
