<?xml version="1.0" encoding="UTF-8"?>
<!-- Generated by org.testng.reporters.JUnitReportReporter -->
<testsuite hostname="DESKTOP-9CS0RDS" failures="0" tests="1" name="PUT_Request.Update_the_leave_as_the_employee" time="5.453" errors="0" timestamp="2023-05-02T10:58:15 IST" skipped="0">
  <testcase classname="PUT_Request.Update_the_leave_as_the_employee" name="update_the_leave_as_the_employee" time="5.453"/>
  <system-out/>
</testsuite> <!-- PUT_Request.Update_the_leave_as_the_employee -->
