<?xml version="1.0" encoding="UTF-8"?>
<!-- Generated by org.testng.reporters.JUnitReportReporter -->
<testsuite hostname="DESKTOP-9CS0RDS" failures="0" tests="1" name="GET_Request.Get_blogs_except_the_current_blog" time="2.400" errors="0" timestamp="2023-05-02T15:28:11 IST" skipped="0">
  <testcase classname="GET_Request.Get_blogs_except_the_current_blog" name="get_blogs_except_the_current_blog" time="2.400"/>
  <system-out/>
</testsuite> <!-- GET_Request.Get_blogs_except_the_current_blog -->
