<?xml version="1.0" encoding="UTF-8"?>
<!-- Generated by org.testng.reporters.JUnitReportReporter -->
<testsuite hostname="DESKTOP-9CS0RDS" failures="0" tests="1" name="PUT.Update_admin_user_specific_information" time="3.133" errors="0" timestamp="2023-04-14T17:37:21 IST" skipped="0">
  <testcase classname="PUT.Update_admin_user_specific_information" name="update_admin_user_specific_information" time="3.133"/>
  <system-out/>
</testsuite> <!-- PUT.Update_admin_user_specific_information -->
