<?xml version="1.0" encoding="UTF-8"?>
<!-- Generated by org.testng.reporters.JUnitReportReporter -->
<testsuite hostname="DESKTOP-9CS0RDS" failures="0" tests="1" name="GET_Request.Get_all_the_available_kras_Goals" time="2.715" errors="0" timestamp="2023-04-24T17:55:17 IST" skipped="0">
  <testcase classname="GET_Request.Get_all_the_available_kras_Goals" name="get_all_the_available_kras_Goals" time="2.715"/>
  <system-out/>
</testsuite> <!-- GET_Request.Get_all_the_available_kras_Goals -->
