<?xml version="1.0" encoding="UTF-8"?>
<!-- Generated by org.testng.reporters.JUnitReportReporter -->
<testsuite hostname="DESKTOP-9CS0RDS" failures="0" tests="1" name="GET_Request.Employee_signatures_for_a_policy" time="3.138" errors="0" timestamp="2023-04-26T12:53:22 IST" skipped="0">
  <testcase classname="GET_Request.Employee_signatures_for_a_policy" name="employee_signatures_for_a_policy" time="3.138"/>
  <system-out/>
</testsuite> <!-- GET_Request.Employee_signatures_for_a_policy -->
