<?xml version="1.0" encoding="UTF-8"?>
<!-- Generated by org.testng.reporters.JUnitReportReporter -->
<testsuite hostname="DESKTOP-9CS0RDS" failures="0" tests="1" name="POST_Request.Create_a_new_employee_Admin_field" time="0.461" errors="0" timestamp="2023-04-17T10:12:13 IST" skipped="0">
  <testcase classname="POST_Request.Create_a_new_employee_Admin_field" name="create_a_new_employee_Admin_field" time="0.461"/>
  <system-out/>
</testsuite> <!-- POST_Request.Create_a_new_employee_Admin_field -->
