<?xml version="1.0" encoding="UTF-8"?>
<!-- Generated by org.testng.reporters.JUnitReportReporter -->
<testsuite hostname="DESKTOP-9CS0RDS" failures="0" tests="1" name="GET_Request.Get_the_payslips_of_the_employee" time="2.815" errors="0" timestamp="2023-05-02T14:40:50 IST" skipped="0">
  <testcase classname="GET_Request.Get_the_payslips_of_the_employee" name="get_the_payslips_of_the_employee" time="2.815"/>
  <system-out/>
</testsuite> <!-- GET_Request.Get_the_payslips_of_the_employee -->
