<?xml version="1.0" encoding="UTF-8"?>
<!-- Generated by org.testng.reporters.JUnitReportReporter -->
<testsuite hostname="DESKTOP-9CS0RDS" failures="0" tests="1" name="PUT_Request.Update_an_existing_BehaviouralRating" time="4.081" errors="0" timestamp="2023-04-24T17:51:45 IST" skipped="0">
  <testcase classname="PUT_Request.Update_an_existing_BehaviouralRating" name="update_an_existing_BehaviouralRating" time="4.081"/>
  <system-out/>
</testsuite> <!-- PUT_Request.Update_an_existing_BehaviouralRating -->
