<?xml version="1.0" encoding="UTF-8"?>
<!-- Generated by org.testng.reporters.JUnitReportReporter -->
<testsuite hostname="DESKTOP-9CS0RDS" failures="0" tests="1" name="GET_Request.Get_all_the_applied_leaves_of_the_employee" time="2.932" errors="0" timestamp="2023-05-02T11:10:00 IST" skipped="0">
  <testcase classname="GET_Request.Get_all_the_applied_leaves_of_the_employee" name="get_all_the_applied_leaves_of_the_employee" time="2.932"/>
  <system-out/>
</testsuite> <!-- GET_Request.Get_all_the_applied_leaves_of_the_employee -->
