<?xml version="1.0" encoding="UTF-8"?>
<!-- Generated by org.testng.reporters.JUnitReportReporter -->
<testsuite hostname="DESKTOP-9CS0RDS" failures="0" tests="1" name="GET_Request.Get_the_chart_data_for_a_specific_taskboard" time="4.240" errors="0" timestamp="2023-05-04T16:03:40 IST" skipped="0">
  <testcase classname="GET_Request.Get_the_chart_data_for_a_specific_taskboard" name="get_the_chart_data_for_a_specific_taskboard" time="4.240"/>
  <system-out/>
</testsuite> <!-- GET_Request.Get_the_chart_data_for_a_specific_taskboard -->
