<?xml version="1.0" encoding="UTF-8"?>
<!-- Generated by org.testng.reporters.JUnitReportReporter -->
<testsuite hostname="DESKTOP-9CS0RDS" failures="0" tests="1" name="GET_Request.Get_all_the_companies_of_the_organisation" time="3.010" errors="0" timestamp="2023-05-02T15:30:35 IST" skipped="0">
  <testcase classname="GET_Request.Get_all_the_companies_of_the_organisation" name="get_all_the_companies_of_the_organisation" time="3.010"/>
  <system-out/>
</testsuite> <!-- GET_Request.Get_all_the_companies_of_the_organisation -->
