<?xml version="1.0" encoding="UTF-8"?>
<!-- Generated by org.testng.reporters.JUnitReportReporter -->
<testsuite hostname="DESKTOP-9CS0RDS" failures="0" tests="1" name="POST_Request.Add_a_new_policy_for_the_company" time="3.920" errors="0" timestamp="2023-04-26T11:59:51 IST" skipped="0">
  <testcase classname="POST_Request.Add_a_new_policy_for_the_company" name="add_a_new_policy_for_the_company" time="3.920"/>
  <system-out/>
</testsuite> <!-- POST_Request.Add_a_new_policy_for_the_company -->
