<?xml version="1.0" encoding="UTF-8"?>
<!-- Generated by org.testng.reporters.JUnitReportReporter -->
<testsuite hostname="DESKTOP-9CS0RDS" failures="0" tests="1" name="GET_Request.Get_a_list_of_all_the_companies_for_dropdown" time="2.786" errors="0" timestamp="2023-05-02T15:35:56 IST" skipped="0">
  <testcase classname="GET_Request.Get_a_list_of_all_the_companies_for_dropdown" name="get_a_list_of_all_the_companies_for_dropdown" time="2.786"/>
  <system-out/>
</testsuite> <!-- GET_Request.Get_a_list_of_all_the_companies_for_dropdown -->
