<?xml version="1.0" encoding="UTF-8"?>
<!-- Generated by org.testng.reporters.JUnitReportReporter -->
<testsuite hostname="DESKTOP-9CS0RDS" failures="0" tests="1" name="GET_Request.Get_the_details_of_the_logged_in_users_company" time="0.496" errors="0" timestamp="2023-04-13T11:40:18 IST" skipped="0">
  <testcase classname="GET_Request.Get_the_details_of_the_logged_in_users_company" name="get_the_details_of_the_logged_in_users_company" time="0.496"/>
  <system-out/>
</testsuite> <!-- GET_Request.Get_the_details_of_the_logged_in_users_company -->
