<?xml version="1.0" encoding="UTF-8"?>
<!-- Generated by org.testng.reporters.JUnitReportReporter -->
<testsuite hostname="DESKTOP-9CS0RDS" failures="0" tests="1" name="GET_Request.Get_all_the_available_Skill_types" time="2.705" errors="0" timestamp="2023-04-13T11:40:18 IST" skipped="0">
  <testcase classname="GET_Request.Get_all_the_available_Skill_types" name="get_all_the_available_Skill_types" time="2.705"/>
  <system-out/>
</testsuite> <!-- GET_Request.Get_all_the_available_Skill_types -->
