<?xml version="1.0" encoding="UTF-8"?>
<!-- Generated by org.testng.reporters.JUnitReportReporter -->
<testsuite hostname="DESKTOP-9CS0RDS" failures="0" tests="1" name="GET_Request.Get_admin_user_specific_information" time="0.498" errors="0" timestamp="2023-04-13T11:40:18 IST" skipped="0">
  <testcase classname="GET_Request.Get_admin_user_specific_information" name="get_admin_user_specific_information" time="0.498"/>
  <system-out/>
</testsuite> <!-- GET_Request.Get_admin_user_specific_information -->
