<?xml version="1.0" encoding="UTF-8"?>
<!-- Generated by org.testng.reporters.JUnitReportReporter -->
<testsuite hostname="DESKTOP-9CS0RDS" failures="0" tests="1" name="GET_Request.Get_the_salary_breakup_for_the_employee" time="3.200" errors="0" timestamp="2023-04-17T14:41:01 IST" skipped="0">
  <testcase classname="GET_Request.Get_the_salary_breakup_for_the_employee" name="get_the_salary_breakup_for_the_employee" time="3.200"/>
  <system-out/>
</testsuite> <!-- GET_Request.Get_the_salary_breakup_for_the_employee -->
