<?xml version="1.0" encoding="UTF-8"?>
<!-- Generated by org.testng.reporters.JUnitReportReporter -->
<testsuite hostname="DESKTOP-9CS0RDS" failures="0" tests="1" name="PUT_Request.Update_the_emergency_contact_details" time="4.954" errors="0" timestamp="2023-04-28T13:01:56 IST" skipped="0">
  <testcase classname="PUT_Request.Update_the_emergency_contact_details" name="update_the_emergency_contact_details" time="4.954"/>
  <system-out/>
</testsuite> <!-- PUT_Request.Update_the_emergency_contact_details -->
