<?xml version="1.0" encoding="UTF-8"?>
<!-- Generated by org.testng.reporters.JUnitReportReporter -->
<testsuite hostname="DESKTOP-9CS0RDS" failures="0" tests="1" name="GET_Request.Get_all_the_available_holiday_types" time="2.691" errors="0" timestamp="2023-04-25T15:25:29 IST" skipped="0">
  <testcase classname="GET_Request.Get_all_the_available_holiday_types" name="get_all_the_available_holiday_types" time="2.691"/>
  <system-out/>
</testsuite> <!-- GET_Request.Get_all_the_available_holiday_types -->
