<?xml version="1.0" encoding="UTF-8"?>
<!-- Generated by org.testng.reporters.JUnitXMLReporter -->
<testsuite ignored="15" hostname="DESKTOP-D886HJ1" failures="6" tests="7" name="Test2" time="48.563" errors="0" timestamp="2024-07-03T15:21:05 IST">
  <testcase classname="API.Agency_Clean_Data" name="Delete_Acc_Data" time="0.735"/>
  <testcase classname="Institution_Test_Scripts.Inst_Login_validation" name="Login_Validation" time="16.521">
    <failure type="java.lang.ClassCastException" message="class java.lang.ThreadLocal cannot be cast to class org.openqa.selenium.TakesScreenshot (java.lang.ThreadLocal is in module java.base of loader &amp;apos;bootstrap&amp;apos;; org.openqa.selenium.TakesScreenshot is in unnamed module of loader &amp;apos;app&amp;apos;)">
      <![CDATA[java.lang.ClassCastException: class java.lang.ThreadLocal cannot be cast to class org.openqa.selenium.TakesScreenshot (java.lang.ThreadLocal is in module java.base of loader 'bootstrap'; org.openqa.selenium.TakesScreenshot is in unnamed module of loader 'app')
at Base_Package.Utility_Class.Capture_Screenshot(Utility_Class.java:83)
at Institution_Test_Scripts.Inst_Login_validation.Login_Validation(Inst_Login_validation.java:82)
at java.base/java.util.concurrent.ThreadPoolExecutor.runWorker(ThreadPoolExecutor.java:1144)
at java.base/java.util.concurrent.ThreadPoolExecutor$Worker.run(ThreadPoolExecutor.java:642)
at java.base/java.lang.Thread.run(Thread.java:1570)
... Removed 10 stack frames]]>
    </failure>
  </testcase> <!-- Login_Validation -->
  <testcase classname="Organization_Test_scripts.Org_Login_Validation" name="PsyHire_Organization_Login" time="16.378">
    <failure type="java.lang.ClassCastException" message="class java.lang.ThreadLocal cannot be cast to class org.openqa.selenium.TakesScreenshot (java.lang.ThreadLocal is in module java.base of loader &amp;apos;bootstrap&amp;apos;; org.openqa.selenium.TakesScreenshot is in unnamed module of loader &amp;apos;app&amp;apos;)">
      <![CDATA[java.lang.ClassCastException: class java.lang.ThreadLocal cannot be cast to class org.openqa.selenium.TakesScreenshot (java.lang.ThreadLocal is in module java.base of loader 'bootstrap'; org.openqa.selenium.TakesScreenshot is in unnamed module of loader 'app')
at Base_Package.Utility_Class.Capture_Screenshot(Utility_Class.java:83)
at Organization_Test_scripts.Org_Login_Validation.PsyHire_Organization_Login(Org_Login_Validation.java:78)
at java.base/java.util.concurrent.ThreadPoolExecutor.runWorker(ThreadPoolExecutor.java:1144)
at java.base/java.util.concurrent.ThreadPoolExecutor$Worker.run(ThreadPoolExecutor.java:642)
at java.base/java.lang.Thread.run(Thread.java:1570)
... Removed 10 stack frames]]>
    </failure>
  </testcase> <!-- PsyHire_Organization_Login -->
  <testcase classname="Agency_Test_Scripts.Agency_Login_Validation" name="Login_validation" time="17.694">
    <failure type="java.lang.ClassCastException" message="class java.lang.ThreadLocal cannot be cast to class org.openqa.selenium.TakesScreenshot (java.lang.ThreadLocal is in module java.base of loader &amp;apos;bootstrap&amp;apos;; org.openqa.selenium.TakesScreenshot is in unnamed module of loader &amp;apos;app&amp;apos;)">
      <![CDATA[java.lang.ClassCastException: class java.lang.ThreadLocal cannot be cast to class org.openqa.selenium.TakesScreenshot (java.lang.ThreadLocal is in module java.base of loader 'bootstrap'; org.openqa.selenium.TakesScreenshot is in unnamed module of loader 'app')
at Base_Package.Utility_Class.Capture_Screenshot(Utility_Class.java:83)
at Agency_Test_Scripts.Agency_Login_Validation.Login_validation(Agency_Login_Validation.java:79)
at java.base/java.util.concurrent.ThreadPoolExecutor.runWorker(ThreadPoolExecutor.java:1144)
at java.base/java.util.concurrent.ThreadPoolExecutor$Worker.run(ThreadPoolExecutor.java:642)
at java.base/java.lang.Thread.run(Thread.java:1570)
... Removed 10 stack frames]]>
    </failure>
  </testcase> <!-- Login_validation -->
  <testcase classname="Institution_Test_Scripts.Referral_Validation" name="Referral_validation" time="19.945">
    <failure type="java.lang.Exception">
      <![CDATA[java.lang.Exception
at Base_Package.Utility_Class.Toast_Message_Validation(Utility_Class.java:96)
at Institution_Test_Scripts.Referral_Validation.Referral_validation(Referral_Validation.java:79)
at java.base/java.util.concurrent.ThreadPoolExecutor.runWorker(ThreadPoolExecutor.java:1144)
at java.base/java.util.concurrent.ThreadPoolExecutor$Worker.run(ThreadPoolExecutor.java:642)
at java.base/java.lang.Thread.run(Thread.java:1570)
... Removed 10 stack frames]]>
    </failure>
  </testcase> <!-- Referral_validation -->
  <testcase classname="Agency_Test_Scripts.Referral_Validation" name="Referral_validation" time="20.825">
    <failure type="java.lang.ClassCastException" message="class java.lang.ThreadLocal cannot be cast to class org.openqa.selenium.TakesScreenshot (java.lang.ThreadLocal is in module java.base of loader &amp;apos;bootstrap&amp;apos;; org.openqa.selenium.TakesScreenshot is in unnamed module of loader &amp;apos;app&amp;apos;)">
      <![CDATA[java.lang.ClassCastException: class java.lang.ThreadLocal cannot be cast to class org.openqa.selenium.TakesScreenshot (java.lang.ThreadLocal is in module java.base of loader 'bootstrap'; org.openqa.selenium.TakesScreenshot is in unnamed module of loader 'app')
at Base_Package.Utility_Class.Capture_Screenshot(Utility_Class.java:83)
at Agency_Test_Scripts.Referral_Validation.Referral_validation(Referral_Validation.java:82)
at java.base/java.util.concurrent.ThreadPoolExecutor.runWorker(ThreadPoolExecutor.java:1144)
at java.base/java.util.concurrent.ThreadPoolExecutor$Worker.run(ThreadPoolExecutor.java:642)
at java.base/java.lang.Thread.run(Thread.java:1570)
... Removed 10 stack frames]]>
    </failure>
  </testcase> <!-- Referral_validation -->
  <testcase classname="Organization_Test_scripts.Referral_Validation" name="Referral_validation" time="21.783">
    <failure type="java.lang.ClassCastException" message="class java.lang.ThreadLocal cannot be cast to class org.openqa.selenium.TakesScreenshot (java.lang.ThreadLocal is in module java.base of loader &amp;apos;bootstrap&amp;apos;; org.openqa.selenium.TakesScreenshot is in unnamed module of loader &amp;apos;app&amp;apos;)">
      <![CDATA[java.lang.ClassCastException: class java.lang.ThreadLocal cannot be cast to class org.openqa.selenium.TakesScreenshot (java.lang.ThreadLocal is in module java.base of loader 'bootstrap'; org.openqa.selenium.TakesScreenshot is in unnamed module of loader 'app')
at Base_Package.Utility_Class.Capture_Screenshot(Utility_Class.java:83)
at Organization_Test_scripts.Referral_Validation.Referral_validation(Referral_Validation.java:88)
at java.base/java.util.concurrent.ThreadPoolExecutor.runWorker(ThreadPoolExecutor.java:1144)
at java.base/java.util.concurrent.ThreadPoolExecutor$Worker.run(ThreadPoolExecutor.java:642)
at java.base/java.lang.Thread.run(Thread.java:1570)
... Removed 10 stack frames]]>
    </failure>
  </testcase> <!-- Referral_validation -->
  <testcase classname="Base_Package.Base_Class" name="@BeforeSuite generateReport" time="0.0">
    <ignored/>
  </testcase> <!-- @BeforeSuite generateReport -->
  <testcase classname="Base_Package.Base_Class" name="@AfterSuite Send_Mail" time="0.0">
    <ignored/>
  </testcase> <!-- @AfterSuite Send_Mail -->
  <testcase classname="Base_Package.Base_Class" name="@AfterTest Execution_Results" time="0.0">
    <ignored/>
  </testcase> <!-- @AfterTest Execution_Results -->
  <testcase classname="Base_Package.Base_Class" name="@AfterTest Execution_Results" time="0.0">
    <ignored/>
  </testcase> <!-- @AfterTest Execution_Results -->
  <testcase classname="Base_Package.Base_Class" name="@BeforeSuite generateReport" time="0.0">
    <ignored/>
  </testcase> <!-- @BeforeSuite generateReport -->
  <testcase classname="Base_Package.Base_Class" name="@BeforeSuite generateReport" time="0.0">
    <ignored/>
  </testcase> <!-- @BeforeSuite generateReport -->
  <testcase classname="Base_Package.Base_Class" name="@BeforeSuite generateReport" time="0.0">
    <ignored/>
  </testcase> <!-- @BeforeSuite generateReport -->
  <testcase classname="Base_Package.Base_Class" name="@AfterSuite Send_Mail" time="0.0">
    <ignored/>
  </testcase> <!-- @AfterSuite Send_Mail -->
  <testcase classname="Base_Package.Base_Class" name="@AfterTest Execution_Results" time="0.0">
    <ignored/>
  </testcase> <!-- @AfterTest Execution_Results -->
  <testcase classname="Base_Package.Base_Class" name="@AfterSuite Send_Mail" time="0.0">
    <ignored/>
  </testcase> <!-- @AfterSuite Send_Mail -->
  <testcase classname="Base_Package.Base_Class" name="@BeforeSuite generateReport" time="0.0">
    <ignored/>
  </testcase> <!-- @BeforeSuite generateReport -->
  <testcase classname="Base_Package.Base_Class" name="@AfterTest Execution_Results" time="0.0">
    <ignored/>
  </testcase> <!-- @AfterTest Execution_Results -->
  <testcase classname="Base_Package.Base_Class" name="@AfterSuite Send_Mail" time="0.0">
    <ignored/>
  </testcase> <!-- @AfterSuite Send_Mail -->
  <testcase classname="Base_Package.Base_Class" name="@AfterTest Execution_Results" time="0.0">
    <ignored/>
  </testcase> <!-- @AfterTest Execution_Results -->
  <testcase classname="Base_Package.Base_Class" name="@AfterSuite Send_Mail" time="0.0">
    <ignored/>
  </testcase> <!-- @AfterSuite Send_Mail -->
</testsuite> <!-- Test2 -->
