<?xml version="1.0" encoding="UTF-8"?>
<!-- Generated by org.testng.reporters.JUnitXMLReporter -->
<testsuite ignored="15" hostname="DESKTOP-D886HJ1" failures="6" tests="7" name="Test3" time="150.022" errors="0" timestamp="2024-07-03T16:05:18 IST">
  <testcase classname="API.Inst_Clean_Data" name="Delete_Acc_Data" time="1.662"/>
  <testcase classname="Institution_Test_Scripts.Inst_Login_validation" name="Login_Validation" time="16.856">
    <failure type="java.lang.ClassCastException" message="class java.lang.ThreadLocal cannot be cast to class org.openqa.selenium.TakesScreenshot (java.lang.ThreadLocal is in module java.base of loader &amp;apos;bootstrap&amp;apos;; org.openqa.selenium.TakesScreenshot is in unnamed module of loader &amp;apos;app&amp;apos;)">
      <![CDATA[java.lang.ClassCastException: class java.lang.ThreadLocal cannot be cast to class org.openqa.selenium.TakesScreenshot (java.lang.ThreadLocal is in module java.base of loader 'bootstrap'; org.openqa.selenium.TakesScreenshot is in unnamed module of loader 'app')
at Base_Package.Utility_Class.Capture_Screenshot(Utility_Class.java:83)
at Institution_Test_Scripts.Inst_Login_validation.Login_Validation(Inst_Login_validation.java:82)
at java.base/java.util.ArrayList.forEach(ArrayList.java:1597)
at java.base/java.util.concurrent.FutureTask.run(FutureTask.java:317)
at java.base/java.util.concurrent.ThreadPoolExecutor.runWorker(ThreadPoolExecutor.java:1144)
at java.base/java.util.concurrent.ThreadPoolExecutor$Worker.run(ThreadPoolExecutor.java:642)
at java.base/java.lang.Thread.run(Thread.java:1570)
... Removed 16 stack frames]]>
    </failure>
  </testcase> <!-- Login_Validation -->
  <testcase classname="Institution_Test_Scripts.Referral_Validation" name="Referral_validation" time="19.247">
    <failure type="java.lang.ClassCastException" message="class java.lang.ThreadLocal cannot be cast to class org.openqa.selenium.TakesScreenshot (java.lang.ThreadLocal is in module java.base of loader &amp;apos;bootstrap&amp;apos;; org.openqa.selenium.TakesScreenshot is in unnamed module of loader &amp;apos;app&amp;apos;)">
      <![CDATA[java.lang.ClassCastException: class java.lang.ThreadLocal cannot be cast to class org.openqa.selenium.TakesScreenshot (java.lang.ThreadLocal is in module java.base of loader 'bootstrap'; org.openqa.selenium.TakesScreenshot is in unnamed module of loader 'app')
at Base_Package.Utility_Class.Capture_Screenshot(Utility_Class.java:83)
at Institution_Test_Scripts.Referral_Validation.Referral_validation(Referral_Validation.java:81)
at java.base/java.util.ArrayList.forEach(ArrayList.java:1597)
at java.base/java.util.concurrent.FutureTask.run(FutureTask.java:317)
at java.base/java.util.concurrent.ThreadPoolExecutor.runWorker(ThreadPoolExecutor.java:1144)
at java.base/java.util.concurrent.ThreadPoolExecutor$Worker.run(ThreadPoolExecutor.java:642)
at java.base/java.lang.Thread.run(Thread.java:1570)
... Removed 16 stack frames]]>
    </failure>
  </testcase> <!-- Referral_validation -->
  <testcase classname="Institution_Test_Scripts.Add_HOD" name="Add_Hod" time="22.29">
    <failure type="java.lang.ClassCastException" message="class java.lang.ThreadLocal cannot be cast to class org.openqa.selenium.TakesScreenshot (java.lang.ThreadLocal is in module java.base of loader &amp;apos;bootstrap&amp;apos;; org.openqa.selenium.TakesScreenshot is in unnamed module of loader &amp;apos;app&amp;apos;)">
      <![CDATA[java.lang.ClassCastException: class java.lang.ThreadLocal cannot be cast to class org.openqa.selenium.TakesScreenshot (java.lang.ThreadLocal is in module java.base of loader 'bootstrap'; org.openqa.selenium.TakesScreenshot is in unnamed module of loader 'app')
at Base_Package.Utility_Class.Capture_Screenshot(Utility_Class.java:83)
at Institution_Test_Scripts.Add_HOD.Add_Hod(Add_HOD.java:148)
at java.base/java.util.ArrayList.forEach(ArrayList.java:1597)
at java.base/java.util.concurrent.FutureTask.run(FutureTask.java:317)
at java.base/java.util.concurrent.ThreadPoolExecutor.runWorker(ThreadPoolExecutor.java:1144)
at java.base/java.util.concurrent.ThreadPoolExecutor$Worker.run(ThreadPoolExecutor.java:642)
at java.base/java.lang.Thread.run(Thread.java:1570)
... Removed 16 stack frames]]>
    </failure>
  </testcase> <!-- Add_Hod -->
  <testcase classname="Institution_Test_Scripts.Add_Department" name="Add_Department_Validation" time="17.51">
    <failure type="java.lang.ClassCastException" message="class java.lang.ThreadLocal cannot be cast to class org.openqa.selenium.TakesScreenshot (java.lang.ThreadLocal is in module java.base of loader &amp;apos;bootstrap&amp;apos;; org.openqa.selenium.TakesScreenshot is in unnamed module of loader &amp;apos;app&amp;apos;)">
      <![CDATA[java.lang.ClassCastException: class java.lang.ThreadLocal cannot be cast to class org.openqa.selenium.TakesScreenshot (java.lang.ThreadLocal is in module java.base of loader 'bootstrap'; org.openqa.selenium.TakesScreenshot is in unnamed module of loader 'app')
at Base_Package.Utility_Class.Capture_Screenshot(Utility_Class.java:83)
at Institution_Test_Scripts.Add_Department.Add_Department_Validation(Add_Department.java:89)
at java.base/java.util.ArrayList.forEach(ArrayList.java:1597)
at java.base/java.util.concurrent.FutureTask.run(FutureTask.java:317)
at java.base/java.util.concurrent.ThreadPoolExecutor.runWorker(ThreadPoolExecutor.java:1144)
at java.base/java.util.concurrent.ThreadPoolExecutor$Worker.run(ThreadPoolExecutor.java:642)
at java.base/java.lang.Thread.run(Thread.java:1570)
... Removed 16 stack frames]]>
    </failure>
  </testcase> <!-- Add_Department_Validation -->
  <testcase classname="Institution_Test_Scripts.Invite_Students_Manual" name="Invite_Students_Validation" time="24.01">
    <failure type="java.lang.ClassCastException" message="class java.lang.ThreadLocal cannot be cast to class org.openqa.selenium.TakesScreenshot (java.lang.ThreadLocal is in module java.base of loader &amp;apos;bootstrap&amp;apos;; org.openqa.selenium.TakesScreenshot is in unnamed module of loader &amp;apos;app&amp;apos;)">
      <![CDATA[java.lang.ClassCastException: class java.lang.ThreadLocal cannot be cast to class org.openqa.selenium.TakesScreenshot (java.lang.ThreadLocal is in module java.base of loader 'bootstrap'; org.openqa.selenium.TakesScreenshot is in unnamed module of loader 'app')
at Base_Package.Utility_Class.Capture_Screenshot(Utility_Class.java:83)
at Institution_Test_Scripts.Invite_Students_Manual.Invite_Students_Validation(Invite_Students_Manual.java:95)
at java.base/java.util.ArrayList.forEach(ArrayList.java:1597)
at java.base/java.util.concurrent.FutureTask.run(FutureTask.java:317)
at java.base/java.util.concurrent.ThreadPoolExecutor.runWorker(ThreadPoolExecutor.java:1144)
at java.base/java.util.concurrent.ThreadPoolExecutor$Worker.run(ThreadPoolExecutor.java:642)
at java.base/java.lang.Thread.run(Thread.java:1570)
... Removed 16 stack frames]]>
    </failure>
  </testcase> <!-- Invite_Students_Validation -->
  <testcase classname="Institution_Test_Scripts.Invite_Students_Bulk_Upload" name="Invite_Students_Validation" time="25.803">
    <failure type="java.lang.ClassCastException" message="class java.lang.ThreadLocal cannot be cast to class org.openqa.selenium.TakesScreenshot (java.lang.ThreadLocal is in module java.base of loader &amp;apos;bootstrap&amp;apos;; org.openqa.selenium.TakesScreenshot is in unnamed module of loader &amp;apos;app&amp;apos;)">
      <![CDATA[java.lang.ClassCastException: class java.lang.ThreadLocal cannot be cast to class org.openqa.selenium.TakesScreenshot (java.lang.ThreadLocal is in module java.base of loader 'bootstrap'; org.openqa.selenium.TakesScreenshot is in unnamed module of loader 'app')
at Base_Package.Utility_Class.Capture_Screenshot(Utility_Class.java:83)
at Institution_Test_Scripts.Invite_Students_Bulk_Upload.Invite_Students_Validation(Invite_Students_Bulk_Upload.java:92)
at java.base/java.util.ArrayList.forEach(ArrayList.java:1597)
at java.base/java.util.concurrent.FutureTask.run(FutureTask.java:317)
at java.base/java.util.concurrent.ThreadPoolExecutor.runWorker(ThreadPoolExecutor.java:1144)
at java.base/java.util.concurrent.ThreadPoolExecutor$Worker.run(ThreadPoolExecutor.java:642)
at java.base/java.lang.Thread.run(Thread.java:1570)
... Removed 16 stack frames]]>
    </failure>
  </testcase> <!-- Invite_Students_Validation -->
  <testcase classname="Base_Package.Base_Class" name="@BeforeSuite generateReport" time="0.0">
    <ignored/>
  </testcase> <!-- @BeforeSuite generateReport -->
  <testcase classname="Base_Package.Base_Class" name="@BeforeSuite generateReport" time="0.0">
    <ignored/>
  </testcase> <!-- @BeforeSuite generateReport -->
  <testcase classname="Base_Package.Base_Class" name="@BeforeSuite generateReport" time="0.0">
    <ignored/>
  </testcase> <!-- @BeforeSuite generateReport -->
  <testcase classname="Base_Package.Base_Class" name="@BeforeSuite generateReport" time="0.0">
    <ignored/>
  </testcase> <!-- @BeforeSuite generateReport -->
  <testcase classname="Base_Package.Base_Class" name="@BeforeSuite generateReport" time="0.0">
    <ignored/>
  </testcase> <!-- @BeforeSuite generateReport -->
  <testcase classname="Base_Package.Base_Class" name="@AfterSuite Send_Mail" time="0.0">
    <ignored/>
  </testcase> <!-- @AfterSuite Send_Mail -->
  <testcase classname="Base_Package.Base_Class" name="@AfterTest Execution_Results" time="0.0">
    <ignored/>
  </testcase> <!-- @AfterTest Execution_Results -->
  <testcase classname="Base_Package.Base_Class" name="@AfterSuite Send_Mail" time="0.0">
    <ignored/>
  </testcase> <!-- @AfterSuite Send_Mail -->
  <testcase classname="Base_Package.Base_Class" name="@AfterSuite Send_Mail" time="0.0">
    <ignored/>
  </testcase> <!-- @AfterSuite Send_Mail -->
  <testcase classname="Base_Package.Base_Class" name="@AfterTest Execution_Results" time="0.0">
    <ignored/>
  </testcase> <!-- @AfterTest Execution_Results -->
  <testcase classname="Base_Package.Base_Class" name="@AfterTest Execution_Results" time="0.0">
    <ignored/>
  </testcase> <!-- @AfterTest Execution_Results -->
  <testcase classname="Base_Package.Base_Class" name="@AfterSuite Send_Mail" time="0.0">
    <ignored/>
  </testcase> <!-- @AfterSuite Send_Mail -->
  <testcase classname="Base_Package.Base_Class" name="@AfterTest Execution_Results" time="0.0">
    <ignored/>
  </testcase> <!-- @AfterTest Execution_Results -->
  <testcase classname="Base_Package.Base_Class" name="@AfterSuite Send_Mail" time="0.0">
    <ignored/>
  </testcase> <!-- @AfterSuite Send_Mail -->
  <testcase classname="Base_Package.Base_Class" name="@AfterTest Execution_Results" time="0.0">
    <ignored/>
  </testcase> <!-- @AfterTest Execution_Results -->
</testsuite> <!-- Test3 -->
