<?xml version="1.0" encoding="UTF-8"?>
<!-- Generated by org.testng.reporters.JUnitXMLReporter -->
<testsuite ignored="3" hostname="DESKTOP-D886HJ1" failures="0" tests="2" name="Test" time="71.231" errors="0" timestamp="2024-07-05T10:51:28 IST">
  <testcase classname="Organization_Test_scripts.Apply_For_Job_Doc_Validation" name="Apply_For_Job_Doc_validation" time="33.776"/>
  <testcase classname="Organization_Test_scripts.Apply_For_Job_PDF_Validation" name="Apply_For_Job_PDF_validation" time="31.851"/>
  <testcase classname="Base_Package.Base_Class" name="@BeforeSuite generateReport" time="0.0">
    <ignored/>
  </testcase> <!-- @BeforeSuite generateReport -->
  <testcase classname="Base_Package.Base_Class" name="@AfterTest Execution_Results" time="0.0">
    <ignored/>
  </testcase> <!-- @AfterTest Execution_Results -->
  <testcase classname="Base_Package.Base_Class" name="@AfterSuite Send_Mail" time="0.0">
    <ignored/>
  </testcase> <!-- @AfterSuite Send_Mail -->
</testsuite> <!-- Test -->
